SF:D:\Projects\clio-proj\clio\clio\Command\PackageCommand\ExtractPackageCommand.cs
FN:16,System.String Сlio.Command.PackageCommand.UnzipPkgOptions::get_Name()
FNDA:0,System.String Сlio.Command.PackageCommand.UnzipPkgOptions::get_Name()
DA:17,0
FN:19,System.String Сlio.Command.PackageCommand.UnzipPkgOptions::get_DestinationPath()
FNDA:0,System.String Сlio.Command.PackageCommand.UnzipPkgOptions::get_DestinationPath()
DA:20,0
FN:53,System.Boolean Сlio.Command.PackageCommand.ExtractPackageCommand::CheckDirectory(System.String,System.IO.FileInfo[]&)
FNDA:0,System.Boolean Сlio.Command.PackageCommand.ExtractPackageCommand::CheckDirectory(System.String,System.IO.FileInfo[]&)
DA:54,0
DA:55,0
DA:56,0
DA:57,0
DA:58,0
DA:59,0
DA:60,0
DA:61,0
DA:62,0
DA:63,0
BRDA:57,14,0,0
BRDA:57,14,1,0
FN:64,System.String Сlio.Command.PackageCommand.ExtractPackageCommand::GetCorrectedPackagePath(Сlio.Command.PackageCommand.UnzipPkgOptions)
FNDA:0,System.String Сlio.Command.PackageCommand.ExtractPackageCommand::GetCorrectedPackagePath(Сlio.Command.PackageCommand.UnzipPkgOptions)
DA:65,0
DA:66,0
DA:67,0
DA:68,0
DA:69,0
DA:70,0
DA:71,0
BRDA:67,20,0,0
BRDA:67,20,1,0
BRDA:67,42,0,0
BRDA:67,42,1,0
FN:72,System.Void Сlio.Command.PackageCommand.ExtractPackageCommand::Unpack(System.String,System.String,System.Boolean)
FNDA:0,System.Void Сlio.Command.PackageCommand.ExtractPackageCommand::Unpack(System.String,System.String,System.Boolean)
DA:73,0
DA:74,0
DA:75,0
DA:76,0
DA:77,0
DA:78,0
DA:79,0
DA:80,0
DA:81,0
DA:82,0
DA:83,0
DA:84,0
DA:85,0
BRDA:78,71,0,0
BRDA:78,71,1,0
FN:90,System.Int32 Сlio.Command.PackageCommand.ExtractPackageCommand::Execute(Сlio.Command.PackageCommand.UnzipPkgOptions)
FNDA:0,System.Int32 Сlio.Command.PackageCommand.ExtractPackageCommand::Execute(Сlio.Command.PackageCommand.UnzipPkgOptions)
DA:91,0
DA:92,0
DA:94,0
DA:95,0
DA:96,0
DA:97,0
DA:98,0
DA:99,0
DA:100,0
DA:101,0
DA:102,0
DA:103,0
DA:104,0
DA:105,0
DA:107,0
BRDA:94,17,0,0
BRDA:95,63,1,0
BRDA:95,63,0,0
BRDA:94,17,1,0
BRDA:104,111,0,0
BRDA:104,111,1,0
FN:39,System.Void Сlio.Command.PackageCommand.ExtractPackageCommand::.ctor(Clio.IPackageArchiver,Clio.Common.IPackageUtilities,Clio.Common.IFileSystem)
FNDA:0,System.Void Сlio.Command.PackageCommand.ExtractPackageCommand::.ctor(Clio.IPackageArchiver,Clio.Common.IPackageUtilities,Clio.Common.IFileSystem)
DA:40,0
DA:41,0
DA:42,0
DA:43,0
DA:44,0
DA:45,0
DA:46,0
DA:47,0
DA:48,0
LF:56
LH:0
BRF:14
BRH:0
FNF:7
FNH:0
end_of_record
SF:D:\Projects\clio-proj\clio\clio\BindingsModule.cs
FN:26,Autofac.IContainer Clio.BindingsModule::Register(Clio.EnvironmentSettings)
FNDA:1,Autofac.IContainer Clio.BindingsModule::Register(Clio.EnvironmentSettings)
DA:27,1
DA:28,1
DA:29,1
DA:30,1
DA:31,1
DA:32,2
DA:33,1
DA:34,1
DA:35,1
DA:36,1
DA:38,1
DA:39,1
DA:40,1
DA:41,1
DA:42,1
DA:43,1
DA:44,1
DA:46,0
DA:48,1
DA:51,1
DA:52,1
DA:53,1
DA:54,1
DA:56,1
DA:57,1
DA:58,1
DA:59,1
DA:60,1
DA:61,1
DA:62,1
DA:63,1
DA:64,1
DA:65,1
DA:66,1
DA:67,1
DA:68,1
DA:69,1
DA:70,1
DA:71,1
DA:72,1
DA:73,1
DA:74,1
DA:75,1
DA:76,1
DA:77,1
DA:78,1
DA:79,1
DA:80,1
DA:81,1
DA:82,1
DA:83,1
DA:84,1
DA:85,1
DA:86,1
DA:87,1
DA:88,1
DA:89,1
DA:90,1
DA:91,1
DA:92,1
DA:93,1
DA:94,1
DA:95,1
DA:96,1
DA:97,1
DA:98,1
DA:99,1
DA:100,1
DA:101,1
DA:102,1
DA:103,1
DA:104,1
DA:105,1
DA:106,1
DA:107,1
DA:108,1
DA:109,1
DA:110,1
DA:111,1
DA:114,1
DA:115,1
DA:116,1
DA:117,1
DA:118,1
DA:120,1
DA:121,1
DA:122,1
DA:123,1
DA:124,1
DA:125,1
DA:127,1
DA:128,1
BRDA:32,39,0,1
BRDA:32,39,1,1
LF:92
LH:91
BRF:2
BRH:2
FNF:1
FNH:1
end_of_record
SF:D:\Projects\clio-proj\clio\clio\Command\CommandLineOptions.cs
FN:9,System.String Clio.EnvironmentOptions::get_Uri()
FNDA:8,System.String Clio.EnvironmentOptions::get_Uri()
DA:10,8
FN:12,System.String Clio.EnvironmentOptions::get_Password()
FNDA:23,System.String Clio.EnvironmentOptions::get_Password()
DA:13,23
FN:15,System.String Clio.EnvironmentOptions::get_Login()
FNDA:23,System.String Clio.EnvironmentOptions::get_Login()
DA:16,23
FN:18,System.Nullable`1<System.Boolean> Clio.EnvironmentOptions::get_IsNetCore()
FNDA:5,System.Nullable`1<System.Boolean> Clio.EnvironmentOptions::get_IsNetCore()
DA:19,5
FN:21,System.String Clio.EnvironmentOptions::get_Environment()
FNDA:66,System.String Clio.EnvironmentOptions::get_Environment()
DA:22,66
FN:24,System.String Clio.EnvironmentOptions::get_Maintainer()
FNDA:5,System.String Clio.EnvironmentOptions::get_Maintainer()
DA:25,5
FN:27,System.String Clio.EnvironmentOptions::get_DevMode()
FNDA:3,System.String Clio.EnvironmentOptions::get_DevMode()
DA:28,3
FN:31,System.String Clio.EnvironmentOptions::get_WorkspacePathes()
FNDA:3,System.String Clio.EnvironmentOptions::get_WorkspacePathes()
DA:32,3
FN:35,System.Nullable`1<System.Boolean> Clio.EnvironmentOptions::get_DeveloperModeEnabled()
FNDA:3,System.Nullable`1<System.Boolean> Clio.EnvironmentOptions::get_DeveloperModeEnabled()
DA:36,3
DA:37,3
DA:38,0
DA:39,0
DA:40,0
DA:41,0
DA:43,0
DA:44,3
DA:45,3
BRDA:37,17,0,0
BRDA:39,35,0,0
BRDA:39,35,1,0
BRDA:37,17,1,3
FN:45,System.Void Clio.EnvironmentOptions::set_DeveloperModeEnabled(System.Nullable`1<System.Boolean>)
FNDA:0,System.Void Clio.EnvironmentOptions::set_DeveloperModeEnabled(System.Nullable`1<System.Boolean>)
DA:46,0
DA:47,0
DA:48,0
FN:51,System.String Clio.EnvironmentOptions::get_Safe()
FNDA:2,System.String Clio.EnvironmentOptions::get_Safe()
DA:52,2
FN:54,System.String Clio.EnvironmentOptions::get_ClientId()
FNDA:3,System.String Clio.EnvironmentOptions::get_ClientId()
DA:55,3
FN:57,System.String Clio.EnvironmentOptions::get_ClientSecret()
FNDA:3,System.String Clio.EnvironmentOptions::get_ClientSecret()
DA:58,3
FN:60,System.String Clio.EnvironmentOptions::get_AuthAppUri()
FNDA:3,System.String Clio.EnvironmentOptions::get_AuthAppUri()
DA:61,3
FN:64,System.Boolean Clio.EnvironmentOptions::get_IsSilent()
FNDA:0,System.Boolean Clio.EnvironmentOptions::get_IsSilent()
DA:65,0
FN:68,System.Nullable`1<System.Boolean> Clio.EnvironmentOptions::get_SafeValue()
FNDA:2,System.Nullable`1<System.Boolean> Clio.EnvironmentOptions::get_SafeValue()
DA:69,2
DA:70,2
DA:71,0
DA:72,0
DA:73,0
DA:74,0
DA:76,0
DA:77,2
DA:78,2
BRDA:70,17,0,0
BRDA:72,35,0,0
BRDA:72,35,1,0
BRDA:70,17,1,2
FN:81,System.Boolean Clio.EnvironmentOptions::get_RestartEnvironment()
FNDA:0,System.Boolean Clio.EnvironmentOptions::get_RestartEnvironment()
DA:82,0
FN:83,System.Boolean Clio.EnvironmentOptions::IsNullOrEmpty(Clio.EnvironmentOptions)
FNDA:0,System.Boolean Clio.EnvironmentOptions::IsNullOrEmpty(Clio.EnvironmentOptions)
DA:84,0
DA:85,0
DA:86,0
DA:88,0
DA:89,0
DA:90,0
DA:91,0
DA:92,0
DA:93,0
DA:94,0
DA:95,0
DA:97,0
DA:98,0
BRDA:85,7,0,0
BRDA:85,7,1,0
BRDA:88,25,0,0
BRDA:88,38,0,0
BRDA:88,51,0,0
BRDA:88,64,0,0
BRDA:88,77,0,0
BRDA:88,90,0,0
BRDA:88,25,1,0
BRDA:88,38,1,0
BRDA:88,51,1,0
BRDA:88,64,1,0
BRDA:88,77,1,0
BRDA:88,90,1,0
BRDA:88,108,0,0
BRDA:88,108,1,0
FN:99,System.Boolean Clio.EnvironmentOptions::ShowDefaultEnvironment()
FNDA:1,System.Boolean Clio.EnvironmentOptions::ShowDefaultEnvironment()
DA:100,1
DA:101,1
DA:102,1
FN:108,System.String Clio.EnvironmentNameOptions::get_EnvironmentName()
FNDA:11,System.String Clio.EnvironmentNameOptions::get_EnvironmentName()
DA:109,11
FN:117,System.String Clio.ConvertOptions::get_Path()
FNDA:0,System.String Clio.ConvertOptions::get_Path()
DA:118,0
FN:121,System.String Clio.ConvertOptions::get_Name()
FNDA:0,System.String Clio.ConvertOptions::get_Name()
DA:122,0
FN:124,System.Boolean Clio.ConvertOptions::get_ConvertSourceCode()
FNDA:0,System.Boolean Clio.ConvertOptions::get_ConvertSourceCode()
DA:125,0
FN:129,System.Collections.Generic.IEnumerable`1<CommandLine.Text.Example> Clio.ConvertOptions::get_Examples()
FNDA:0,System.Collections.Generic.IEnumerable`1<CommandLine.Text.Example> Clio.ConvertOptions::get_Examples()
DA:130,0
DA:131,0
DA:132,0
DA:133,0
DA:134,0
DA:135,0
DA:136,0
DA:137,0
FN:148,System.String Clio.ItemOptions::get_ItemType()
FNDA:0,System.String Clio.ItemOptions::get_ItemType()
DA:149,0
FN:151,System.String Clio.ItemOptions::get_ItemName()
FNDA:0,System.String Clio.ItemOptions::get_ItemName()
DA:152,0
FN:155,System.String Clio.ItemOptions::get_DestinationPath()
FNDA:0,System.String Clio.ItemOptions::get_DestinationPath()
DA:156,0
FN:158,System.String Clio.ItemOptions::get_Namespace()
FNDA:0,System.String Clio.ItemOptions::get_Namespace()
DA:159,0
FN:161,System.String Clio.ItemOptions::get_Fields()
FNDA:0,System.String Clio.ItemOptions::get_Fields()
DA:162,0
FN:164,System.Boolean Clio.ItemOptions::get_CreateAll()
FNDA:0,System.Boolean Clio.ItemOptions::get_CreateAll()
DA:165,0
FN:167,System.String Clio.ItemOptions::get_Culture()
FNDA:0,System.String Clio.ItemOptions::get_Culture()
DA:168,0
FN:174,System.String Clio.DeveloperModeOptions::get_Name()
FNDA:0,System.String Clio.DeveloperModeOptions::get_Name()
DA:175,0
LF:71
LH:24
BRF:24
BRH:2
FNF:32
FNH:16
end_of_record
SF:D:\Projects\clio-proj\clio\clio\Command\CompressAppCommand.cs
FN:15,System.String Clio.CompressAppOptions::get_RepositoryFolderPath()
FNDA:0,System.String Clio.CompressAppOptions::get_RepositoryFolderPath()
DA:16,0
FN:19,System.String Clio.CompressAppOptions::get_Packages()
FNDA:0,System.String Clio.CompressAppOptions::get_Packages()
DA:20,0
FN:22,System.String Clio.CompressAppOptions::get_DestinationPath()
FNDA:0,System.String Clio.CompressAppOptions::get_DestinationPath()
DA:23,0
FN:25,System.Boolean Clio.CompressAppOptions::get_SkipPdb()
FNDA:0,System.Boolean Clio.CompressAppOptions::get_SkipPdb()
DA:26,0
FN:27,System.Collections.Generic.IEnumerable`1<System.String> Clio.CompressAppOptions::get_RootPackageNames()
FNDA:0,System.Collections.Generic.IEnumerable`1<System.String> Clio.CompressAppOptions::get_RootPackageNames()
DA:28,0
FN:41,System.Int32 Clio.CompressAppCommand::Execute(Clio.CompressAppOptions)
FNDA:0,System.Int32 Clio.CompressAppCommand::Execute(Clio.CompressAppOptions)
DA:42,0
DA:43,0
DA:44,0
DA:45,0
DA:46,0
DA:47,0
DA:48,0
DA:49,0
DA:50,0
DA:51,0
DA:52,0
DA:53,0
DA:54,0
DA:55,0
DA:56,0
BRDA:47,50,0,0
BRDA:47,50,1,0
BRDA:50,144,1,0
BRDA:50,144,0,0
FN:36,System.Void Clio.CompressAppCommand::.ctor(Clio.Common.IJsonConverter,Clio.IPackageArchiver)
FNDA:0,System.Void Clio.CompressAppCommand::.ctor(Clio.Common.IJsonConverter,Clio.IPackageArchiver)
DA:37,0
DA:38,0
DA:39,0
DA:40,0
FN:70,System.Collections.Generic.IEnumerable`1<System.String> Clio.FolderPackageRepository::GetRelatedPackagesNames(System.Collections.Generic.IEnumerable`1<System.String>)
FNDA:0,System.Collections.Generic.IEnumerable`1<System.String> Clio.FolderPackageRepository::GetRelatedPackagesNames(System.Collections.Generic.IEnumerable`1<System.String>)
DA:71,0
DA:72,0
DA:73,0
DA:74,0
DA:75,0
DA:76,0
DA:77,0
DA:79,0
DA:80,0
DA:81,0
DA:82,0
DA:83,0
DA:84,0
DA:85,0
BRDA:74,142,1,0
BRDA:76,39,0,0
BRDA:76,39,1,0
BRDA:80,111,1,0
BRDA:80,111,0,0
BRDA:74,142,0,0
FN:86,System.Collections.Generic.Stack`1<Clio.Package.PackageDescriptor> Clio.FolderPackageRepository::GetStackPackageDescriptors(System.Collections.Generic.IEnumerable`1<System.String>)
FNDA:0,System.Collections.Generic.Stack`1<Clio.Package.PackageDescriptor> Clio.FolderPackageRepository::GetStackPackageDescriptors(System.Collections.Generic.IEnumerable`1<System.String>)
DA:87,0
DA:88,0
DA:89,0
DA:90,0
DA:91,0
DA:92,0
DA:93,0
DA:94,0
BRDA:89,48,1,0
BRDA:89,48,0,0
FN:95,System.String Clio.FolderPackageRepository::GetPackageContentFolderPath(System.String)
FNDA:0,System.String Clio.FolderPackageRepository::GetPackageContentFolderPath(System.String)
DA:96,0
DA:97,0
DA:98,0
FN:99,Clio.Package.PackageDescriptor Clio.FolderPackageRepository::GetPackageDescriptor(System.String)
FNDA:0,Clio.Package.PackageDescriptor Clio.FolderPackageRepository::GetPackageDescriptor(System.String)
DA:100,0
DA:101,0
DA:102,0
DA:103,0
DA:104,0
DA:105,0
DA:106,0
DA:107,0
FN:64,System.Void Clio.FolderPackageRepository::.ctor(System.String,Clio.Common.IJsonConverter)
FNDA:0,System.Void Clio.FolderPackageRepository::.ctor(System.String,Clio.Common.IJsonConverter)
DA:65,0
DA:66,0
DA:67,0
DA:68,0
LF:61
LH:0
BRF:12
BRH:0
FNF:12
FNH:0
end_of_record
SF:D:\Projects\clio-proj\clio\clio\Environment\ConfigurationOptions.cs
FN:17,System.String Clio.EnvironmentSettings::get_Uri()
FNDA:28,System.String Clio.EnvironmentSettings::get_Uri()
DA:18,28
FN:21,System.String Clio.EnvironmentSettings::get_Login()
FNDA:12,System.String Clio.EnvironmentSettings::get_Login()
DA:22,12
FN:25,System.String Clio.EnvironmentSettings::get_Password()
FNDA:12,System.String Clio.EnvironmentSettings::get_Password()
DA:26,12
FN:29,System.String Clio.EnvironmentSettings::get_Maintainer()
FNDA:12,System.String Clio.EnvironmentSettings::get_Maintainer()
DA:30,12
FN:33,System.Boolean Clio.EnvironmentSettings::get_IsNetCore()
FNDA:29,System.Boolean Clio.EnvironmentSettings::get_IsNetCore()
DA:34,29
FN:37,System.String Clio.EnvironmentSettings::get_ClientId()
FNDA:5,System.String Clio.EnvironmentSettings::get_ClientId()
DA:38,5
FN:41,System.String Clio.EnvironmentSettings::get_ClientSecret()
FNDA:4,System.String Clio.EnvironmentSettings::get_ClientSecret()
DA:42,4
FN:45,System.String Clio.EnvironmentSettings::get_WorkspacePathes()
FNDA:4,System.String Clio.EnvironmentSettings::get_WorkspacePathes()
DA:46,4
FN:50,System.String Clio.EnvironmentSettings::get_AuthAppUri()
FNDA:1,System.String Clio.EnvironmentSettings::get_AuthAppUri()
DA:51,1
DA:52,2
DA:53,1
DA:54,0
DA:56,1
DA:57,1
DA:58,1
BRDA:52,14,0,1
BRDA:53,24,0,0
BRDA:53,24,1,1
BRDA:53,47,0,0
BRDA:54,57,0,0
BRDA:54,57,1,0
BRDA:53,47,1,1
BRDA:52,14,1,1
FN:58,System.Void Clio.EnvironmentSettings::set_AuthAppUri(System.String)
FNDA:3,System.Void Clio.EnvironmentSettings::set_AuthAppUri(System.String)
DA:59,3
DA:60,3
DA:61,3
FN:64,System.String Clio.EnvironmentSettings::get_SimpleloginUri()
FNDA:0,System.String Clio.EnvironmentSettings::get_SimpleloginUri()
DA:65,0
DA:66,0
DA:67,0
DA:68,0
DA:69,0
DA:70,0
DA:71,0
DA:72,0
DA:73,0
DA:74,0
DA:75,0
DA:76,0
BRDA:67,19,0,0
BRDA:70,49,0,0
BRDA:70,49,1,0
BRDA:67,19,1,0
BRDA:74,85,0,0
BRDA:74,85,1,0
FN:78,System.Void Clio.EnvironmentSettings::Merge(Clio.EnvironmentSettings)
FNDA:0,System.Void Clio.EnvironmentSettings::Merge(Clio.EnvironmentSettings)
DA:79,0
DA:80,0
DA:81,0
DA:82,0
DA:83,0
DA:84,0
DA:85,0
DA:86,0
DA:87,0
DA:88,0
DA:89,0
DA:90,0
DA:91,0
DA:92,0
DA:93,0
DA:94,0
DA:95,0
DA:96,0
DA:97,0
DA:98,0
DA:99,0
DA:100,0
DA:101,0
DA:102,0
DA:103,0
BRDA:80,17,0,0
BRDA:80,17,1,0
BRDA:83,50,0,0
BRDA:83,50,1,0
BRDA:86,83,0,0
BRDA:86,83,1,0
BRDA:89,116,0,0
BRDA:89,116,1,0
BRDA:92,152,0,0
BRDA:92,152,1,0
BRDA:95,188,0,0
BRDA:95,188,1,0
FN:105,System.Nullable`1<System.Boolean> Clio.EnvironmentSettings::get_Safe()
FNDA:3,System.Nullable`1<System.Boolean> Clio.EnvironmentSettings::get_Safe()
DA:106,3
FN:110,System.Nullable`1<System.Boolean> Clio.EnvironmentSettings::get_DeveloperModeEnabled()
FNDA:4,System.Nullable`1<System.Boolean> Clio.EnvironmentSettings::get_DeveloperModeEnabled()
DA:111,4
FN:115,System.Boolean Clio.EnvironmentSettings::get_IsDevMode()
FNDA:0,System.Boolean Clio.EnvironmentSettings::get_IsDevMode()
DA:116,0
FN:132,System.String Clio.Settings::get_CreatioProductFolder()
FNDA:0,System.String Clio.Settings::get_CreatioProductFolder()
DA:133,0
BRDA:133,11,0,0
BRDA:133,11,1,0
FN:133,System.Void Clio.Settings::set_CreatioProductFolder(System.String)
FNDA:0,System.Void Clio.Settings::set_CreatioProductFolder(System.String)
DA:134,0
FN:142,System.String Clio.Settings::get_IISClioRootPath()
FNDA:0,System.String Clio.Settings::get_IISClioRootPath()
DA:143,0
BRDA:143,11,0,0
BRDA:143,11,1,0
FN:143,System.Void Clio.Settings::set_IISClioRootPath(System.String)
FNDA:0,System.Void Clio.Settings::set_IISClioRootPath(System.String)
DA:144,0
FN:147,System.String Clio.Settings::get_Schema()
FNDA:0,System.String Clio.Settings::get_Schema()
DA:148,0
FN:150,System.String Clio.Settings::get_ActiveEnvironmentKey()
FNDA:3,System.String Clio.Settings::get_ActiveEnvironmentKey()
DA:151,3
FN:153,Clio.EnvironmentSettings Clio.Settings::GetActiveEnviroment()
FNDA:0,Clio.EnvironmentSettings Clio.Settings::GetActiveEnviroment()
DA:154,0
DA:155,0
DA:156,0
DA:157,0
DA:158,0
DA:159,0
DA:160,0
DA:162,0
BRDA:155,12,0,0
BRDA:155,12,1,0
BRDA:155,39,0,0
BRDA:155,39,1,0
FN:164,System.Boolean Clio.Settings::get_Autoupdate()
FNDA:2,System.Boolean Clio.Settings::get_Autoupdate()
DA:165,2
FN:168,System.Collections.Generic.Dictionary`2<System.String,Clio.EnvironmentSettings> Clio.Settings::get_Environments()
FNDA:7,System.Collections.Generic.Dictionary`2<System.String,Clio.EnvironmentSettings> Clio.Settings::get_Environments()
DA:169,7
FN:122,System.Void Clio.Settings::.ctor()
FNDA:8,System.Void Clio.Settings::.ctor()
DA:123,8
DA:124,4
DA:125,4
FN:179,System.String Clio.SettingsRepository::get_AppSettingsFolderPath()
FNDA:4,System.String Clio.SettingsRepository::get_AppSettingsFolderPath()
DA:180,4
DA:181,4
DA:182,4
DA:183,4
DA:184,4
DA:185,4
DA:186,4
DA:187,4
DA:188,4
DA:189,4
DA:190,0
DA:191,0
DA:192,4
DA:193,4
BRDA:181,11,0,0
BRDA:181,11,1,4
BRDA:189,69,0,0
BRDA:189,69,1,4
BRDA:192,81,0,0
BRDA:192,81,1,4
BRDA:192,93,0,0
BRDA:192,93,1,4
FN:195,System.String Clio.SettingsRepository::get_AppSettingsFile()
FNDA:4,System.String Clio.SettingsRepository::get_AppSettingsFile()
DA:196,4
FN:196,System.String Clio.SettingsRepository::get_AppSettingsFilePath()
FNDA:4,System.String Clio.SettingsRepository::get_AppSettingsFilePath()
DA:197,4
FN:197,System.String Clio.SettingsRepository::get_SchemaFilePath()
FNDA:0,System.String Clio.SettingsRepository::get_SchemaFilePath()
DA:198,0
FN:204,System.Void Clio.SettingsRepository::InitSettings()
FNDA:2,System.Void Clio.SettingsRepository::InitSettings()
DA:205,2
DA:206,2
DA:207,2
DA:208,4
DA:209,2
DA:210,4
DA:211,2
DA:212,2
DA:213,2
DA:214,2
DA:215,0
DA:216,0
DA:217,0
DA:218,0
DA:219,0
DA:220,0
DA:222,0
DA:223,2
BRDA:208,27,0,2
BRDA:210,48,0,2
BRDA:210,48,1,2
BRDA:208,27,1,2
BRDA:216,109,0,0
BRDA:216,109,1,0
FN:224,System.Void Clio.SettingsRepository::InitializeSettingsFile()
FNDA:2,System.Void Clio.SettingsRepository::InitializeSettingsFile()
DA:225,2
DA:226,4
DA:227,2
DA:229,0
DA:230,0
DA:231,0
DA:232,0
DA:233,0
DA:234,2
BRDA:226,14,0,2
BRDA:226,14,1,0
BRDA:229,34,0,0
BRDA:229,34,1,0
FN:235,System.Void Clio.SettingsRepository::InitDefaultSettings()
FNDA:0,System.Void Clio.SettingsRepository::InitDefaultSettings()
DA:236,0
DA:237,0
DA:238,0
DA:239,0
DA:240,0
DA:241,0
DA:242,0
DA:243,0
DA:244,0
DA:245,0
FN:250,System.Void Clio.SettingsRepository::SaveSchema()
FNDA:0,System.Void Clio.SettingsRepository::SaveSchema()
DA:251,0
DA:252,0
DA:253,0
DA:254,0
DA:255,0
DA:256,0
FN:257,System.Void Clio.SettingsRepository::Save()
FNDA:0,System.Void Clio.SettingsRepository::Save()
DA:258,0
DA:259,0
DA:260,0
DA:261,0
DA:262,0
DA:263,0
DA:266,0
DA:267,0
DA:269,0
DA:270,0
DA:271,0
DA:273,0
BRDA:269,80,0,0
BRDA:269,80,1,0
FN:274,System.Void Clio.SettingsRepository::ShowSettingsTo(System.IO.TextWriter,System.String)
FNDA:0,System.Void Clio.SettingsRepository::ShowSettingsTo(System.IO.TextWriter,System.String)
DA:275,0
DA:276,0
DA:277,0
DA:278,0
DA:279,0
DA:280,0
DA:281,0
DA:282,0
DA:283,0
DA:284,0
DA:285,0
DA:286,0
BRDA:280,31,0,0
BRDA:280,31,1,0
FN:287,Clio.EnvironmentSettings Clio.SettingsRepository::GetEnvironment(System.String)
FNDA:1,Clio.EnvironmentSettings Clio.SettingsRepository::GetEnvironment(System.String)
DA:288,1
DA:289,2
DA:290,1
DA:291,1
DA:293,0
DA:294,0
DA:295,0
DA:296,0
DA:297,0
DA:298,1
BRDA:289,9,0,1
BRDA:289,9,1,0
BRDA:293,70,0,0
BRDA:293,70,1,0
FN:299,Clio.EnvironmentSettings Clio.SettingsRepository::FindEnvironment(System.String)
FNDA:1,Clio.EnvironmentSettings Clio.SettingsRepository::FindEnvironment(System.String)
DA:300,1
DA:302,1
DA:303,1
DA:304,1
DA:305,0
DA:307,1
DA:308,1
FN:309,Clio.EnvironmentSettings Clio.SettingsRepository::GetEnvironment(Clio.EnvironmentOptions)
FNDA:1,Clio.EnvironmentSettings Clio.SettingsRepository::GetEnvironment(Clio.EnvironmentOptions)
DA:310,1
DA:311,1
DA:312,1
DA:313,1
DA:314,1
DA:315,0
DA:316,0
DA:317,0
DA:318,0
DA:319,0
DA:320,0
DA:321,1
DA:322,1
DA:323,0
DA:324,0
DA:325,0
DA:326,1
DA:327,1
DA:328,1
DA:329,1
DA:330,1
DA:331,1
DA:332,1
DA:333,1
DA:334,1
DA:335,1
DA:336,1
DA:337,0
DA:338,0
DA:339,0
DA:340,0
DA:341,0
DA:342,0
DA:343,0
DA:344,0
DA:345,0
DA:346,1
DA:347,1
DA:348,1
BRDA:314,32,0,0
BRDA:315,53,0,0
BRDA:315,53,1,0
BRDA:314,32,1,1
BRDA:321,98,0,1
BRDA:321,106,0,1
BRDA:321,114,0,0
BRDA:321,98,1,1
BRDA:321,106,1,1
BRDA:321,114,1,1
BRDA:321,131,0,0
BRDA:321,131,1,1
BRDA:326,187,0,1
BRDA:326,187,1,0
BRDA:327,225,0,0
BRDA:327,225,1,1
BRDA:328,264,0,1
BRDA:328,264,1,0
BRDA:329,294,0,1
BRDA:329,294,1,0
BRDA:330,328,0,1
BRDA:330,328,1,0
BRDA:331,362,0,0
BRDA:331,362,1,1
BRDA:332,396,0,0
BRDA:332,396,1,1
BRDA:333,430,0,0
BRDA:333,430,1,1
BRDA:334,464,0,1
BRDA:334,464,1,0
BRDA:336,501,0,0
BRDA:336,501,1,1
BRDA:336,525,0,0
BRDA:341,583,0,0
BRDA:341,583,1,0
BRDA:341,606,0,0
BRDA:341,606,1,0
BRDA:336,525,1,1
BRDA:346,641,0,0
BRDA:346,641,1,1
FN:349,System.String Clio.SettingsRepository::GetDefaultEnvironmentName()
FNDA:0,System.String Clio.SettingsRepository::GetDefaultEnvironmentName()
DA:350,0
DA:351,0
DA:352,0
FN:353,System.Boolean Clio.SettingsRepository::IsEnvironmentExists(System.String)
FNDA:0,System.Boolean Clio.SettingsRepository::IsEnvironmentExists(System.String)
DA:354,0
DA:355,0
DA:356,0
FN:357,System.String Clio.SettingsRepository::FindEnvironmentNameByUri(System.String)
FNDA:0,System.String Clio.SettingsRepository::FindEnvironmentNameByUri(System.String)
DA:358,0
DA:359,0
DA:360,0
DA:361,0
FN:362,System.Boolean Clio.SettingsRepository::GetAutoupdate()
FNDA:0,System.Boolean Clio.SettingsRepository::GetAutoupdate()
DA:363,0
DA:364,0
DA:365,0
FN:366,System.Void Clio.SettingsRepository::ConfigureEnvironment(System.String,Clio.EnvironmentSettings)
FNDA:0,System.Void Clio.SettingsRepository::ConfigureEnvironment(System.String,Clio.EnvironmentSettings)
DA:367,0
DA:368,0
DA:369,0
DA:370,0
DA:371,0
DA:372,0
DA:373,0
DA:374,0
DA:375,0
DA:376,0
BRDA:368,9,0,0
BRDA:368,9,1,0
BRDA:370,52,0,0
BRDA:370,52,1,0
FN:377,System.Void Clio.SettingsRepository::SetActiveEnvironment(System.String)
FNDA:0,System.Void Clio.SettingsRepository::SetActiveEnvironment(System.String)
DA:378,0
DA:379,0
DA:380,0
DA:381,0
FN:382,System.Void Clio.SettingsRepository::RemoveEnvironment(System.String)
FNDA:0,System.Void Clio.SettingsRepository::RemoveEnvironment(System.String)
DA:383,0
DA:384,0
DA:385,0
DA:386,0
DA:387,0
DA:388,0
DA:390,0
BRDA:384,20,0,0
BRDA:384,20,1,0
FN:391,System.Void Clio.SettingsRepository::OpenSettingsFile()
FNDA:0,System.Void Clio.SettingsRepository::OpenSettingsFile()
DA:392,0
DA:393,0
DA:394,0
FN:395,System.Void Clio.SettingsRepository::OpenFile()
FNDA:0,System.Void Clio.SettingsRepository::OpenFile()
DA:396,0
DA:397,0
DA:398,0
FN:399,System.Void Clio.SettingsRepository::Clio.UserEnvironment.ISettingsRepository.RemoveAllEnvironment()
FNDA:0,System.Void Clio.SettingsRepository::Clio.UserEnvironment.ISettingsRepository.RemoveAllEnvironment()
DA:400,0
DA:401,0
DA:402,0
DA:403,0
FN:404,System.String Clio.SettingsRepository::GetIISClioRootPath()
FNDA:0,System.String Clio.SettingsRepository::GetIISClioRootPath()
DA:405,0
DA:406,0
DA:407,0
FN:407,System.String Clio.SettingsRepository::GetCreatioProductsFolder()
FNDA:0,System.String Clio.SettingsRepository::GetCreatioProductsFolder()
DA:408,0
DA:409,0
DA:410,0
FN:177,System.Void Clio.SettingsRepository::.ctor()
FNDA:2,System.Void Clio.SettingsRepository::.ctor()
DA:178,2
DA:200,4
DA:201,2
DA:202,2
DA:203,2
LF:272
LH:91
BRF:106
BRH:33
FNF:51
FNH:25
end_of_record
SF:D:\Projects\clio-proj\clio\clio\Marketplace\Marketplace.cs
FN:54,System.Void Clio.Marketplace::Dispose()
FNDA:0,System.Void Clio.Marketplace::Dispose()
DA:55,0
DA:56,0
DA:57,0
DA:58,0
FN:60,System.Void Clio.Marketplace::Dispose(System.Boolean)
FNDA:0,System.Void Clio.Marketplace::Dispose(System.Boolean)
DA:61,0
DA:62,0
DA:63,0
FN:22,System.Void Clio.Marketplace::.ctor(Clio.Common.IWorkingDirectoriesProvider)
FNDA:0,System.Void Clio.Marketplace::.ctor(Clio.Common.IWorkingDirectoriesProvider)
DA:23,0
DA:24,0
DA:25,0
DA:26,0
DA:27,0
DA:28,0
DA:29,0
DA:30,0
FN:39,System.Void Clio.Marketplace/<GetFileByIdAsync>d__6::MoveNext()
FNDA:0,System.Void Clio.Marketplace/<GetFileByIdAsync>d__6::MoveNext()
DA:40,0
DA:41,0
DA:42,0
DA:44,0
DA:45,0
DA:46,0
DA:47,0
DA:49,0
DA:50,0
DA:51,0
DA:52,0
FN:32,System.Void Clio.Marketplace/<GetMrkModelById>d__5::MoveNext()
FNDA:0,System.Void Clio.Marketplace/<GetMrkModelById>d__5::MoveNext()
DA:33,0
DA:34,0
DA:35,0
DA:36,0
DA:37,0
LF:31
LH:0
BRF:0
BRH:0
FNF:5
FNH:0
end_of_record
SF:D:\Projects\clio-proj\clio\clio\ModelBuilder\ModelBuilder.cs
FN:21,System.String Clio.ModelBuilder::get_EntitySchemaManagerRequestUrl()
FNDA:0,System.String Clio.ModelBuilder::get_EntitySchemaManagerRequestUrl()
DA:22,0
FN:22,System.String Clio.ModelBuilder::get_RuntimeEntitySchemaRequestUrl()
FNDA:0,System.String Clio.ModelBuilder::get_RuntimeEntitySchemaRequestUrl()
DA:23,0
FN:34,System.Void Clio.ModelBuilder::GetModels()
FNDA:0,System.Void Clio.ModelBuilder::GetModels()
DA:35,0
DA:36,0
DA:38,0
DA:39,0
DA:40,0
DA:41,0
DA:42,0
DA:43,0
DA:44,0
DA:45,0
DA:46,0
DA:47,0
DA:48,0
DA:49,0
DA:50,0
DA:52,0
DA:53,0
DA:54,0
DA:55,0
DA:56,0
DA:57,0
DA:58,0
DA:59,0
DA:60,0
BRDA:42,63,0,0
BRDA:42,63,1,0
BRDA:47,145,0,0
BRDA:47,145,1,0
BRDA:53,340,1,0
BRDA:53,340,0,0
FN:62,System.Void Clio.ModelBuilder::GetEntitySchemasAsync()
FNDA:0,System.Void Clio.ModelBuilder::GetEntitySchemasAsync()
DA:63,0
DA:64,0
DA:66,0
DA:67,0
DA:68,0
DA:70,0
DA:71,0
DA:72,0
DA:73,0
DA:74,0
DA:75,0
DA:76,0
DA:77,0
BRDA:71,139,1,0
BRDA:71,139,0,0
FN:79,System.Void Clio.ModelBuilder::GetRuntimeEntitySchema(System.Collections.Generic.KeyValuePair`2<System.String,Clio.Schema>)
FNDA:0,System.Void Clio.ModelBuilder::GetRuntimeEntitySchema(System.Collections.Generic.KeyValuePair`2<System.String,Clio.Schema>)
DA:80,0
DA:81,0
DA:83,0
DA:84,0
DA:86,0
DA:87,0
DA:88,0
DA:90,0
DA:91,0
DA:92,0
DA:93,0
DA:94,0
DA:95,0
DA:96,0
DA:97,0
DA:98,0
DA:99,0
DA:101,0
DA:102,0
DA:103,0
DA:104,0
BRDA:86,102,0,0
BRDA:86,102,1,0
BRDA:90,353,1,0
BRDA:97,246,0,0
BRDA:97,246,1,0
BRDA:101,301,0,0
BRDA:101,301,1,0
BRDA:90,353,0,0
FN:106,System.String Clio.ModelBuilder::CreateClassFileText(System.Collections.Generic.KeyValuePair`2<System.String,Clio.Schema>)
FNDA:0,System.String Clio.ModelBuilder::CreateClassFileText(System.Collections.Generic.KeyValuePair`2<System.String,Clio.Schema>)
DA:107,0
DA:108,0
DA:109,0
DA:110,0
DA:111,0
DA:112,0
DA:113,0
DA:114,0
DA:115,0
DA:116,0
DA:117,0
DA:118,0
DA:120,0
DA:121,0
DA:123,0
DA:125,0
DA:126,0
DA:127,0
DA:128,0
DA:129,0
DA:130,0
DA:131,0
DA:132,0
DA:133,0
DA:134,0
DA:135,0
DA:136,0
DA:138,0
DA:139,0
DA:140,0
DA:141,0
DA:142,0
DA:143,0
DA:144,0
DA:146,0
DA:147,0
DA:148,0
DA:149,0
DA:150,0
DA:152,0
DA:153,0
DA:154,0
DA:156,0
DA:157,0
DA:158,0
DA:159,0
DA:161,0
DA:162,0
DA:163,0
DA:164,0
DA:165,0
DA:166,0
DA:167,0
DA:168,0
DA:169,0
DA:170,0
DA:171,0
BRDA:120,148,0,0
BRDA:120,148,1,0
BRDA:134,1099,1,0
BRDA:136,451,1,0
BRDA:138,482,0,0
BRDA:138,482,1,0
BRDA:147,645,0,0
BRDA:147,645,1,0
BRDA:156,875,0,0
BRDA:156,875,1,0
BRDA:136,451,0,0
BRDA:134,1099,0,0
FN:172,System.String Clio.ModelBuilder::GetTypeFromDataValueType(System.Int32)
FNDA:0,System.String Clio.ModelBuilder::GetTypeFromDataValueType(System.Int32)
DA:173,0
DA:174,0
DA:175,0
DA:176,0
DA:177,0
DA:178,0
DA:179,0
DA:180,0
DA:181,0
DA:182,0
DA:183,0
DA:184,0
DA:185,0
DA:186,0
DA:187,0
DA:188,0
DA:189,0
DA:190,0
DA:191,0
DA:192,0
DA:193,0
DA:194,0
DA:195,0
DA:196,0
DA:197,0
DA:198,0
DA:199,0
DA:200,0
DA:201,0
DA:202,0
DA:203,0
DA:204,0
DA:205,0
DA:206,0
DA:207,0
DA:208,0
DA:209,0
DA:210,0
DA:211,0
DA:212,0
DA:213,0
DA:214,0
DA:215,0
DA:216,0
DA:217,0
DA:218,0
BRDA:174,6,1,0
BRDA:174,6,2,0
BRDA:174,6,5,0
BRDA:174,6,6,0
BRDA:174,6,7,0
BRDA:174,6,8,0
BRDA:174,6,9,0
BRDA:174,6,10,0
BRDA:174,6,11,0
BRDA:174,6,12,0
BRDA:174,6,13,0
BRDA:174,6,14,0
BRDA:174,6,24,0
BRDA:174,6,25,0
BRDA:174,6,28,0
BRDA:174,6,29,0
BRDA:174,6,30,0
BRDA:174,6,31,0
BRDA:174,6,32,0
BRDA:174,6,33,0
BRDA:174,6,34,0
BRDA:174,6,35,0
BRDA:174,6,41,0
BRDA:174,6,43,0
BRDA:174,6,0,0
BRDA:174,6,3,0
BRDA:174,6,4,0
BRDA:174,6,15,0
BRDA:174,6,16,0
BRDA:174,6,17,0
BRDA:174,6,18,0
BRDA:174,6,19,0
BRDA:174,6,20,0
BRDA:174,6,21,0
BRDA:174,6,22,0
BRDA:174,6,23,0
BRDA:174,6,26,0
BRDA:174,6,27,0
BRDA:174,6,36,0
BRDA:174,6,37,0
BRDA:174,6,38,0
BRDA:174,6,39,0
BRDA:174,6,40,0
BRDA:174,6,42,0
FN:23,System.Void Clio.ModelBuilder::.ctor(Creatio.Client.CreatioClient,System.String,Clio.ItemOptions,Clio.Common.IWorkingDirectoriesProvider)
FNDA:0,System.Void Clio.ModelBuilder::.ctor(Creatio.Client.CreatioClient,System.String,Clio.ItemOptions,Clio.Common.IWorkingDirectoriesProvider)
DA:24,0
DA:26,0
DA:27,0
DA:28,0
DA:29,0
DA:30,0
DA:31,0
DA:32,0
FN:223,System.String Clio.Column::get_Name()
FNDA:0,System.String Clio.Column::get_Name()
DA:224,0
FN:224,System.Int32 Clio.Column::get_DataValueType()
FNDA:0,System.Int32 Clio.Column::get_DataValueType()
DA:225,0
FN:225,System.String Clio.Column::get_ReferenceSchemaName()
FNDA:0,System.String Clio.Column::get_ReferenceSchemaName()
DA:226,0
FN:226,System.String Clio.Column::get_Description()
FNDA:0,System.String Clio.Column::get_Description()
DA:227,0
FN:235,System.String Clio.Schema::get_Name()
FNDA:0,System.String Clio.Schema::get_Name()
DA:236,0
FN:236,System.String Clio.Schema::get_Description()
FNDA:0,System.String Clio.Schema::get_Description()
DA:237,0
FN:237,System.Collections.Generic.Dictionary`2<System.String,Clio.Column> Clio.Schema::get_Columns()
FNDA:0,System.Collections.Generic.Dictionary`2<System.String,Clio.Column> Clio.Schema::get_Columns()
DA:238,0
FN:231,System.Void Clio.Schema::.ctor()
FNDA:0,System.Void Clio.Schema::.ctor()
DA:232,0
DA:233,0
DA:234,0
DA:235,0
LF:182
LH:0
BRF:72
BRH:0
FNF:16
FNH:0
end_of_record
SF:D:\Projects\clio-proj\clio\clio\Package\CreatioPackage.cs
FN:20,System.String Clio.CreatioPackage::get_EditProjTpl()
FNDA:0,System.String Clio.CreatioPackage::get_EditProjTpl()
DA:21,0
FN:21,System.String Clio.CreatioPackage::get_PackageConfigTpl()
FNDA:5,System.String Clio.CreatioPackage::get_PackageConfigTpl()
DA:22,5
FN:22,System.String Clio.CreatioPackage::get_AssemblyInfoTpl()
FNDA:5,System.String Clio.CreatioPackage::get_AssemblyInfoTpl()
DA:23,5
FN:23,System.String Clio.CreatioPackage::get_IgnoreFileTpl()
FNDA:0,System.String Clio.CreatioPackage::get_IgnoreFileTpl()
DA:24,0
FN:27,System.String Clio.CreatioPackage::get_DescriptorTpl()
FNDA:5,System.String Clio.CreatioPackage::get_DescriptorTpl()
DA:28,5
FN:28,System.String Clio.CreatioPackage::get_ProjTpl()
FNDA:5,System.String Clio.CreatioPackage::get_ProjTpl()
DA:29,5
FN:29,System.String Clio.CreatioPackage::get_ProjectFileName()
FNDA:9,System.String Clio.CreatioPackage::get_ProjectFileName()
DA:30,9
FN:30,System.String Clio.CreatioPackage::get_SolutionName()
FNDA:8,System.String Clio.CreatioPackage::get_SolutionName()
DA:31,8
FN:31,System.String Clio.CreatioPackage::get_SolutionFileName()
FNDA:4,System.String Clio.CreatioPackage::get_SolutionFileName()
DA:32,4
FN:34,System.String Clio.CreatioPackage::get_PackageName()
FNDA:37,System.String Clio.CreatioPackage::get_PackageName()
DA:35,37
FN:36,System.String Clio.CreatioPackage::get_Maintainer()
FNDA:20,System.String Clio.CreatioPackage::get_Maintainer()
DA:37,20
FN:38,System.Guid Clio.CreatioPackage::get_ProjectId()
FNDA:28,System.Guid Clio.CreatioPackage::get_ProjectId()
DA:39,28
FN:40,System.String Clio.CreatioPackage::get_FullPath()
FNDA:101,System.String Clio.CreatioPackage::get_FullPath()
DA:41,101
FN:45,System.DateTime Clio.CreatioPackage::get_CreatedOn()
FNDA:40,System.DateTime Clio.CreatioPackage::get_CreatedOn()
DA:46,40
FN:46,System.Void Clio.CreatioPackage::set_CreatedOn(System.DateTime)
FNDA:12,System.Void Clio.CreatioPackage::set_CreatedOn(System.DateTime)
DA:47,12
FN:56,System.DateTime Clio.CreatioPackage::GetDateTimeTillSeconds(System.DateTime)
FNDA:12,System.DateTime Clio.CreatioPackage::GetDateTimeTillSeconds(System.DateTime)
DA:57,12
DA:58,12
DA:59,12
FN:60,System.String Clio.CreatioPackage::ToJsonMsDate(System.DateTime)
FNDA:20,System.String Clio.CreatioPackage::ToJsonMsDate(System.DateTime)
DA:61,20
DA:62,20
DA:63,20
DA:64,20
DA:65,20
DA:66,20
FN:67,System.String Clio.CreatioPackage::ReplaceMacro(System.String)
FNDA:20,System.String Clio.CreatioPackage::ReplaceMacro(System.String)
DA:68,20
DA:69,20
DA:70,20
DA:71,20
DA:72,20
DA:73,20
DA:74,20
FN:75,System.Boolean Clio.CreatioPackage::GetTplPath(System.String,System.String&)
FNDA:20,System.Boolean Clio.CreatioPackage::GetTplPath(System.String,System.String&)
DA:76,20
DA:77,36
DA:78,16
DA:79,16
DA:81,4
DA:82,8
DA:83,4
DA:84,4
DA:86,0
DA:87,0
DA:88,20
BRDA:77,9,0,16
BRDA:77,9,1,4
BRDA:82,36,0,4
BRDA:82,36,1,0
FN:89,System.Void Clio.CreatioPackage::ExecuteDotnetCommand(System.String)
FNDA:8,System.Void Clio.CreatioPackage::ExecuteDotnetCommand(System.String)
DA:90,8
DA:91,8
DA:92,8
DA:93,8
DA:94,8
FN:95,System.String Clio.CreatioPackage::GetExecutingDirectorybyAppDomain()
FNDA:4,System.String Clio.CreatioPackage::GetExecutingDirectorybyAppDomain()
DA:96,4
DA:97,4
DA:98,4
DA:99,4
FN:100,System.Boolean Clio.CreatioPackage::CreateFromTpl(System.String,System.String)
FNDA:20,System.Boolean Clio.CreatioPackage::CreateFromTpl(System.String,System.String)
DA:101,20
DA:102,40
DA:103,20
DA:104,20
DA:105,20
DA:107,0
DA:108,20
BRDA:102,12,0,20
BRDA:102,12,1,0
FN:109,System.Void Clio.CreatioPackage::AddPlaceholderFile(System.String)
FNDA:28,System.Void Clio.CreatioPackage::AddPlaceholderFile(System.String)
DA:110,28
DA:111,28
DA:112,28
DA:113,28
FN:114,Clio.CreatioPackage Clio.CreatioPackage::CreatePkgDescriptor()
FNDA:5,Clio.CreatioPackage Clio.CreatioPackage::CreatePkgDescriptor()
DA:115,5
DA:116,5
DA:117,5
DA:118,5
DA:119,5
FN:120,Clio.CreatioPackage Clio.CreatioPackage::CreateProj()
FNDA:5,Clio.CreatioPackage Clio.CreatioPackage::CreateProj()
DA:121,5
DA:122,5
DA:123,5
DA:124,5
DA:125,5
FN:126,Clio.CreatioPackage Clio.CreatioPackage::CreateSolution()
FNDA:4,Clio.CreatioPackage Clio.CreatioPackage::CreateSolution()
DA:127,4
DA:128,4
DA:129,4
DA:130,4
DA:131,4
FN:132,Clio.CreatioPackage Clio.CreatioPackage::CreatePackageConfig()
FNDA:5,Clio.CreatioPackage Clio.CreatioPackage::CreatePackageConfig()
DA:133,5
DA:134,5
DA:135,5
DA:136,5
DA:137,5
FN:138,Clio.CreatioPackage Clio.CreatioPackage::CreateEmptyClass()
FNDA:4,Clio.CreatioPackage Clio.CreatioPackage::CreateEmptyClass()
DA:139,4
DA:140,4
DA:141,4
DA:142,4
DA:143,4
FN:144,Clio.CreatioPackage Clio.CreatioPackage::CreateAssemblyInfo()
FNDA:5,Clio.CreatioPackage Clio.CreatioPackage::CreateAssemblyInfo()
DA:145,5
DA:146,5
DA:147,5
DA:148,5
DA:149,5
DA:150,5
FN:151,Clio.CreatioPackage Clio.CreatioPackage::CreatePackageDirectories()
FNDA:4,Clio.CreatioPackage Clio.CreatioPackage::CreatePackageDirectories()
DA:152,4
DA:153,96
DA:154,28
DA:155,28
DA:156,28
DA:157,4
DA:158,4
BRDA:153,58,1,28
BRDA:153,58,0,4
FN:159,Clio.CreatioPackage Clio.CreatioPackage::CreatePackageFiles()
FNDA:4,Clio.CreatioPackage Clio.CreatioPackage::CreatePackageFiles()
DA:160,4
DA:161,4
DA:162,4
DA:163,4
DA:164,4
DA:165,4
DA:166,4
DA:167,4
DA:168,4
FN:169,Clio.CreatioPackage Clio.CreatioPackage::CreatePackage(System.String,System.String)
FNDA:4,Clio.CreatioPackage Clio.CreatioPackage::CreatePackage(System.String,System.String)
DA:170,4
DA:171,4
DA:172,4
DA:173,4
DA:174,4
FN:175,System.Void Clio.CreatioPackage::Create()
FNDA:4,System.Void Clio.CreatioPackage::Create()
DA:176,4
DA:177,4
DA:178,4
FN:179,System.Void Clio.CreatioPackage::RemovePackageConfig()
FNDA:1,System.Void Clio.CreatioPackage::RemovePackageConfig()
DA:180,1
DA:181,1
DA:182,1
DA:183,1
FN:25,System.Void Clio.CreatioPackage::.ctor(System.String,System.String)
FNDA:8,System.Void Clio.CreatioPackage::.ctor(System.String,System.String)
DA:26,8
DA:50,16
DA:51,8
DA:52,8
DA:53,8
DA:54,8
DA:55,8
LF:128
LH:123
BRF:8
BRH:6
FNF:35
FNH:33
end_of_record
SF:D:\Projects\clio-proj\clio\clio\Package\PackageArchiver.cs
FN:52,System.Void Clio.PackageArchiver::CheckPackArgument(System.String,System.String)
FNDA:0,System.Void Clio.PackageArchiver::CheckPackArgument(System.String,System.String)
DA:53,0
DA:54,0
DA:55,0
DA:56,0
FN:57,System.Void Clio.PackageArchiver::CheckUnpackArgument(System.String)
FNDA:0,System.Void Clio.PackageArchiver::CheckUnpackArgument(System.String)
DA:58,0
DA:59,0
DA:60,0
FN:61,System.Collections.Generic.IEnumerable`1<System.String> Clio.PackageArchiver::GetAllFiles(System.String,System.Boolean,System.String)
FNDA:0,System.Collections.Generic.IEnumerable`1<System.String> Clio.PackageArchiver::GetAllFiles(System.String,System.Boolean,System.String)
DA:62,0
DA:63,0
DA:64,0
DA:65,0
DA:66,0
DA:68,0
BRDA:65,11,0,0
BRDA:65,11,1,0
FN:70,System.Collections.Generic.IEnumerable`1<System.String> Clio.PackageArchiver::ApplyClioIgnore(System.Collections.Generic.IEnumerable`1<System.String>,System.String)
FNDA:0,System.Collections.Generic.IEnumerable`1<System.String> Clio.PackageArchiver::ApplyClioIgnore(System.Collections.Generic.IEnumerable`1<System.String>,System.String)
DA:71,0
DA:72,0
DA:73,0
DA:75,0
DA:76,0
DA:77,0
DA:78,0
DA:79,0
DA:80,0
DA:81,0
DA:82,0
DA:83,0
DA:84,0
DA:85,0
DA:86,0
DA:87,0
DA:90,0
DA:91,0
DA:92,0
DA:93,0
DA:94,0
DA:95,0
DA:97,0
DA:98,0
DA:99,0
DA:101,0
DA:102,0
DA:103,0
DA:104,0
DA:105,0
DA:106,0
DA:107,0
DA:108,0
DA:109,0
DA:110,0
DA:111,0
BRDA:72,8,0,0
BRDA:72,8,1,0
BRDA:72,20,0,0
BRDA:72,20,1,0
BRDA:72,32,0,0
BRDA:72,32,1,0
BRDA:72,49,0,0
BRDA:72,49,1,0
BRDA:72,61,0,0
BRDA:72,61,1,0
BRDA:72,78,0,0
BRDA:72,78,1,0
BRDA:75,91,0,0
BRDA:75,91,1,0
BRDA:77,154,0,0
BRDA:77,154,1,0
BRDA:82,281,1,0
BRDA:84,260,0,0
BRDA:84,260,1,0
BRDA:82,281,0,0
BRDA:91,565,1,0
BRDA:101,538,1,0
BRDA:104,517,0,0
BRDA:104,517,1,0
BRDA:101,538,0,0
BRDA:91,565,0,0
FN:114,System.Void Clio.PackageArchiver::CheckZipPackagesArgument(System.String,System.String)
FNDA:0,System.Void Clio.PackageArchiver::CheckZipPackagesArgument(System.String,System.String)
DA:115,0
DA:116,0
DA:117,0
DA:118,0
FN:119,System.Void Clio.PackageArchiver::CheckUnZipPackagesArgument(System.String)
FNDA:0,System.Void Clio.PackageArchiver::CheckUnZipPackagesArgument(System.String)
DA:120,0
DA:121,0
DA:122,0
FN:123,System.Void Clio.PackageArchiver::DeletePackedPackages(System.String[])
FNDA:0,System.Void Clio.PackageArchiver::DeletePackedPackages(System.String[])
DA:124,0
DA:125,0
DA:126,0
DA:127,0
DA:128,0
BRDA:125,29,1,0
BRDA:125,29,0,0
FN:129,System.String[] Clio.PackageArchiver::ExtractPackedPackages(System.String,System.String)
FNDA:0,System.String[] Clio.PackageArchiver::ExtractPackedPackages(System.String,System.String)
DA:130,0
DA:131,0
DA:132,0
DA:133,0
DA:134,0
FN:136,System.Void Clio.PackageArchiver::ExtractPackages(System.String,System.Boolean,System.Boolean,System.Boolean,System.Boolean,System.String,System.Func`1<System.String>)
FNDA:0,System.Void Clio.PackageArchiver::ExtractPackages(System.String,System.Boolean,System.Boolean,System.Boolean,System.Boolean,System.String,System.Func`1<System.String>)
DA:137,0
DA:138,0
DA:139,0
DA:140,0
DA:141,0
DA:142,0
DA:143,0
DA:144,0
DA:145,0
DA:146,0
DA:147,0
DA:148,0
DA:149,0
DA:150,0
DA:151,0
DA:152,0
DA:153,0
BRDA:141,79,0,0
BRDA:141,79,1,0
BRDA:144,100,0,0
BRDA:144,100,1,0
FN:154,System.Boolean Clio.PackageArchiver::ShowDialogOverwriteDestinationPackageDir(System.String)
FNDA:0,System.Boolean Clio.PackageArchiver::ShowDialogOverwriteDestinationPackageDir(System.String)
DA:155,0
DA:156,0
DA:157,0
DA:158,0
DA:159,0
DA:160,0
DA:161,0
DA:162,0
DA:163,0
DA:164,0
DA:165,0
DA:166,0
BRDA:157,11,0,0
BRDA:157,11,1,0
FN:171,System.Boolean Clio.PackageArchiver::IsZipArchive(System.String)
FNDA:0,System.Boolean Clio.PackageArchiver::IsZipArchive(System.String)
DA:172,0
DA:173,0
DA:174,0
DA:175,0
FN:176,System.Boolean Clio.PackageArchiver::IsGzArchive(System.String)
FNDA:0,System.Boolean Clio.PackageArchiver::IsGzArchive(System.String)
DA:177,0
DA:178,0
DA:179,0
DA:180,0
FN:181,System.String Clio.PackageArchiver::GetPackedPackageFileName(System.String)
FNDA:0,System.String Clio.PackageArchiver::GetPackedPackageFileName(System.String)
DA:182,0
FN:182,System.String Clio.PackageArchiver::GetPackedGroupPackagesFileName(System.String)
FNDA:0,System.String Clio.PackageArchiver::GetPackedGroupPackagesFileName(System.String)
DA:183,0
FN:184,System.Void Clio.PackageArchiver::CheckPackedPackageExistsAndNotEmpty(System.String)
FNDA:0,System.Void Clio.PackageArchiver::CheckPackedPackageExistsAndNotEmpty(System.String)
DA:185,0
DA:186,0
DA:187,0
DA:189,0
DA:190,0
DA:191,0
DA:193,0
BRDA:186,12,0,0
BRDA:186,12,1,0
BRDA:190,56,0,0
BRDA:190,56,1,0
FN:194,System.Collections.Generic.IEnumerable`1<System.String> Clio.PackageArchiver::FindGzipPackedPackagesFiles(System.String)
FNDA:0,System.Collections.Generic.IEnumerable`1<System.String> Clio.PackageArchiver::FindGzipPackedPackagesFiles(System.String)
DA:195,0
DA:196,0
DA:197,0
DA:198,0
FN:199,System.Void Clio.PackageArchiver::Pack(System.String,System.String,System.Boolean,System.Boolean)
FNDA:0,System.Void Clio.PackageArchiver::Pack(System.String,System.String,System.Boolean,System.Boolean)
DA:200,0
DA:201,0
DA:202,0
DA:203,0
DA:204,0
DA:205,0
DA:206,0
DA:207,0
DA:208,0
FN:210,System.Void Clio.PackageArchiver::Pack(System.String,System.String,System.Collections.Generic.IEnumerable`1<System.String>,System.Boolean,System.Boolean)
FNDA:0,System.Void Clio.PackageArchiver::Pack(System.String,System.String,System.Collections.Generic.IEnumerable`1<System.String>,System.Boolean,System.Boolean)
DA:211,0
DA:212,0
DA:213,0
DA:214,0
DA:215,0
DA:216,0
DA:217,0
DA:218,0
DA:219,0
DA:220,0
DA:221,0
DA:222,0
BRDA:213,7,0,0
BRDA:213,7,1,0
BRDA:214,107,1,0
BRDA:214,107,0,0
FN:224,System.Void Clio.PackageArchiver::Unpack(System.String,System.Boolean,System.Boolean,System.String)
FNDA:0,System.Void Clio.PackageArchiver::Unpack(System.String,System.Boolean,System.Boolean,System.String)
DA:225,0
DA:226,0
DA:227,0
DA:228,0
DA:229,0
DA:230,0
DA:231,0
DA:232,0
DA:233,0
DA:234,0
DA:235,0
DA:237,0
DA:238,0
DA:239,0
BRDA:231,49,0,0
BRDA:231,49,1,0
BRDA:234,67,0,0
BRDA:234,67,1,0
FN:241,System.Void Clio.PackageArchiver::Unpack(System.Collections.Generic.IEnumerable`1<System.String>,System.Boolean,System.Boolean,System.String)
FNDA:0,System.Void Clio.PackageArchiver::Unpack(System.Collections.Generic.IEnumerable`1<System.String>,System.Boolean,System.Boolean,System.String)
DA:242,0
DA:243,0
DA:244,0
DA:245,0
DA:246,0
DA:247,0
DA:248,0
DA:249,0
DA:250,0
DA:251,0
BRDA:245,134,1,0
BRDA:245,134,0,0
FN:252,System.Void Clio.PackageArchiver::ZipPackages(System.String,System.String,System.Boolean)
FNDA:0,System.Void Clio.PackageArchiver::ZipPackages(System.String,System.String,System.Boolean)
DA:253,0
DA:254,0
DA:255,0
DA:256,0
DA:257,0
FN:259,System.Void Clio.PackageArchiver::UnZipPackages(System.String,System.Boolean,System.Boolean,System.Boolean,System.Boolean,System.String)
FNDA:0,System.Void Clio.PackageArchiver::UnZipPackages(System.String,System.Boolean,System.Boolean,System.Boolean,System.Boolean,System.String)
DA:260,0
DA:261,0
DA:262,0
DA:263,0
FN:265,System.Void Clio.PackageArchiver::ExtractPackages(System.String,System.Boolean,System.Boolean,System.Boolean,System.Boolean,System.String)
FNDA:0,System.Void Clio.PackageArchiver::ExtractPackages(System.String,System.Boolean,System.Boolean,System.Boolean,System.Boolean,System.String)
DA:266,0
DA:267,0
DA:268,0
DA:269,0
FN:271,System.Void Clio.PackageArchiver::UnZip(System.String,System.Boolean,System.String)
FNDA:0,System.Void Clio.PackageArchiver::UnZip(System.String,System.Boolean,System.String)
DA:272,0
DA:273,0
DA:274,0
DA:275,0
DA:276,0
BRDA:275,19,0,0
BRDA:275,19,1,0
FN:34,System.Void Clio.PackageArchiver::.ctor(Clio.Common.IPackageUtilities,Clio.Common.ICompressionUtilities,Clio.Common.IWorkingDirectoriesProvider,Clio.Common.IFileSystem,Clio.Common.ILogger)
FNDA:0,System.Void Clio.PackageArchiver::.ctor(Clio.Common.IPackageUtilities,Clio.Common.ICompressionUtilities,Clio.Common.IWorkingDirectoriesProvider,Clio.Common.IFileSystem,Clio.Common.ILogger)
DA:35,0
DA:36,0
DA:37,0
DA:38,0
DA:39,0
DA:40,0
DA:41,0
DA:42,0
DA:43,0
DA:44,0
DA:45,0
DA:46,0
DA:47,0
LF:192
LH:0
BRF:52
BRH:0
FNF:25
FNH:0
end_of_record
SF:D:\Projects\clio-proj\clio\clio\Package\PackageConverter.cs
FN:16,System.Int32 Clio.PackageConverter::Convert(Clio.ConvertOptions)
FNDA:0,System.Int32 Clio.PackageConverter::Convert(Clio.ConvertOptions)
DA:17,0
DA:18,0
DA:19,0
DA:20,0
DA:21,0
DA:22,0
DA:23,0
DA:24,0
DA:25,0
DA:26,0
DA:27,0
DA:28,0
DA:29,0
DA:30,0
DA:31,0
DA:32,0
DA:33,0
DA:34,0
DA:35,0
DA:36,0
DA:37,0
DA:38,0
DA:39,0
DA:40,0
DA:41,0
DA:42,0
DA:44,0
DA:45,0
DA:46,0
DA:47,0
DA:48,0
DA:50,0
BRDA:20,19,0,0
BRDA:20,19,1,0
BRDA:23,48,0,0
BRDA:25,96,0,0
BRDA:25,96,1,0
BRDA:28,197,1,0
BRDA:29,166,0,0
BRDA:29,166,1,0
BRDA:28,197,0,0
BRDA:23,48,1,0
BRDA:36,340,1,0
BRDA:41,324,0,0
BRDA:41,324,1,0
BRDA:36,340,0,0
FN:51,System.Int32 Clio.PackageConverter::ConvertPackage(Clio.ConvertOptions)
FNDA:0,System.Int32 Clio.PackageConverter::ConvertPackage(Clio.ConvertOptions)
DA:52,0
DA:53,0
DA:54,0
DA:55,0
DA:56,0
DA:57,0
DA:58,0
DA:59,0
DA:61,0
DA:62,0
DA:63,0
DA:64,0
DA:65,0
DA:66,0
DA:67,0
DA:68,0
DA:70,0
DA:71,0
DA:72,0
DA:73,0
DA:74,0
DA:75,0
DA:76,0
DA:77,0
DA:79,0
BRDA:58,44,0,0
BRDA:58,44,1,0
BRDA:64,123,0,0
BRDA:64,123,1,0
BRDA:70,163,0,0
BRDA:70,163,1,0
FN:80,System.Collections.Generic.List`1<System.String> Clio.PackageConverter::MoveCsFiles(System.String)
FNDA:0,System.Collections.Generic.List`1<System.String> Clio.PackageConverter::MoveCsFiles(System.String)
DA:81,0
DA:82,0
DA:83,0
DA:84,0
DA:85,0
DA:86,0
FN:87,System.Void Clio.PackageConverter::CorrectingFiles(System.String)
FNDA:0,System.Void Clio.PackageConverter::CorrectingFiles(System.String)
DA:88,0
DA:89,0
DA:90,0
DA:91,0
DA:92,0
DA:93,0
DA:94,0
DA:95,0
DA:96,0
DA:97,0
DA:98,0
DA:99,0
DA:100,0
DA:101,0
DA:102,0
DA:104,0
DA:105,0
DA:106,0
DA:107,0
DA:108,0
DA:109,0
DA:110,0
DA:111,0
DA:112,0
DA:113,0
DA:114,0
DA:115,0
DA:116,0
BRDA:93,61,0,0
BRDA:93,61,1,0
BRDA:97,343,1,0
BRDA:101,178,0,0
BRDA:101,178,1,0
BRDA:105,260,1,0
BRDA:107,237,0,0
BRDA:107,237,1,0
BRDA:105,260,0,0
BRDA:109,272,0,0
BRDA:109,272,1,0
BRDA:97,343,0,0
FN:117,System.Void Clio.PackageConverter::CreateProjectInfo(System.String,System.String,System.Collections.Generic.List`1<System.String>)
FNDA:0,System.Void Clio.PackageConverter::CreateProjectInfo(System.String,System.String,System.Collections.Generic.List`1<System.String>)
DA:118,0
DA:119,0
DA:120,0
DA:121,0
DA:122,0
DA:123,0
DA:124,0
DA:125,0
DA:126,0
DA:127,0
DA:128,0
DA:129,0
DA:130,0
DA:131,0
DA:132,0
DA:133,0
DA:134,0
DA:135,0
DA:136,0
DA:137,0
DA:138,0
BRDA:127,209,1,0
BRDA:127,209,0,0
FN:139,System.Collections.Generic.List`1<System.String> Clio.PackageConverter::GetRefs(System.String,System.Collections.Generic.List`1<System.String>)
FNDA:0,System.Collections.Generic.List`1<System.String> Clio.PackageConverter::GetRefs(System.String,System.Collections.Generic.List`1<System.String>)
DA:140,0
DA:141,0
DA:142,0
DA:143,0
DA:144,0
DA:145,0
DA:146,0
DA:147,0
DA:148,0
DA:149,0
DA:151,0
DA:152,0
BRDA:142,123,1,0
BRDA:144,96,1,0
BRDA:145,75,0,0
BRDA:145,75,1,0
BRDA:144,96,0,0
BRDA:142,123,0,0
FN:154,System.Collections.Generic.List`1<System.String> Clio.PackageConverter::GetRefFromFile(System.String)
FNDA:0,System.Collections.Generic.List`1<System.String> Clio.PackageConverter::GetRefFromFile(System.String)
DA:155,0
DA:156,0
DA:158,0
DA:159,0
DA:160,0
DA:161,0
DA:162,0
DA:163,0
DA:164,0
DA:165,0
DA:166,0
DA:168,0
DA:169,0
DA:171,0
DA:172,0
DA:173,0
DA:174,0
DA:175,0
DA:176,0
DA:178,0
DA:179,0
DA:180,0
DA:181,0
DA:182,0
DA:183,0
DA:185,0
DA:186,0
BRDA:163,270,1,0
BRDA:164,53,0,0
BRDA:164,53,1,0
BRDA:164,71,0,0
BRDA:164,71,1,0
BRDA:168,97,0,0
BRDA:168,110,0,0
BRDA:168,123,0,0
BRDA:168,97,1,0
BRDA:168,110,1,0
BRDA:168,123,1,0
BRDA:168,143,0,0
BRDA:168,143,1,0
BRDA:171,168,0,0
BRDA:171,168,1,0
BRDA:163,270,0,0
FN:187,System.Void Clio.PackageConverter::CreateFromTpl(System.String,System.String,System.String,System.Collections.Generic.List`1<System.String>,System.String,System.Collections.Generic.List`1<System.String>,System.Collections.Generic.List`1<System.String>)
FNDA:0,System.Void Clio.PackageConverter::CreateFromTpl(System.String,System.String,System.String,System.Collections.Generic.List`1<System.String>,System.String,System.Collections.Generic.List`1<System.String>,System.Collections.Generic.List`1<System.String>)
DA:188,0
DA:189,0
DA:190,0
DA:191,0
DA:192,0
DA:193,0
DA:194,0
FN:195,System.String Clio.PackageConverter::ReplaceMacro(System.String,System.String,System.Collections.Generic.List`1<System.String>,System.String,System.Collections.Generic.List`1<System.String>,System.Collections.Generic.List`1<System.String>)
FNDA:0,System.String Clio.PackageConverter::ReplaceMacro(System.String,System.String,System.Collections.Generic.List`1<System.String>,System.String,System.Collections.Generic.List`1<System.String>,System.Collections.Generic.List`1<System.String>)
DA:196,0
DA:197,0
DA:198,0
DA:199,0
DA:200,0
DA:201,0
DA:202,0
DA:203,0
DA:204,0
DA:205,0
FN:206,System.String Clio.PackageConverter::GetProjectsPath(System.Collections.Generic.List`1<System.String>)
FNDA:0,System.String Clio.PackageConverter::GetProjectsPath(System.Collections.Generic.List`1<System.String>)
DA:207,0
DA:208,0
DA:209,0
DA:210,0
DA:211,0
DA:212,0
DA:213,0
DA:214,0
BRDA:210,69,1,0
BRDA:210,69,0,0
FN:215,System.String Clio.PackageConverter::GetFilesPaths(System.Collections.Generic.List`1<System.String>)
FNDA:0,System.String Clio.PackageConverter::GetFilesPaths(System.Collections.Generic.List`1<System.String>)
DA:216,0
DA:217,0
DA:218,0
DA:219,0
DA:220,0
DA:221,0
DA:222,0
DA:223,0
BRDA:219,69,1,0
BRDA:219,69,0,0
FN:224,System.String Clio.PackageConverter::GetRefPaths(System.Collections.Generic.List`1<System.String>)
FNDA:0,System.String Clio.PackageConverter::GetRefPaths(System.Collections.Generic.List`1<System.String>)
DA:225,0
DA:226,0
DA:227,0
DA:228,0
DA:229,0
DA:230,0
DA:231,0
DA:232,0
BRDA:228,64,1,0
BRDA:228,64,0,0
FN:233,System.String Clio.PackageConverter::GetTplPath(System.String)
FNDA:0,System.String Clio.PackageConverter::GetTplPath(System.String)
DA:234,0
DA:236,0
DA:237,0
DA:238,0
DA:239,0
DA:240,0
DA:241,0
DA:242,0
DA:243,0
BRDA:236,9,0,0
BRDA:236,9,1,0
FN:244,System.String Clio.PackageConverter::ToJsonMsDate(System.DateTime)
FNDA:0,System.String Clio.PackageConverter::ToJsonMsDate(System.DateTime)
DA:245,0
DA:246,0
DA:247,0
DA:248,0
DA:249,0
DA:250,0
FN:251,System.Collections.Generic.List`1<System.String> Clio.PackageConverter::MoveFiles(System.String,System.String,System.String)
FNDA:0,System.Collections.Generic.List`1<System.String> Clio.PackageConverter::MoveFiles(System.String,System.String,System.String)
DA:252,0
DA:253,0
DA:254,0
DA:255,0
DA:256,0
DA:257,0
DA:258,0
DA:259,0
DA:260,0
DA:261,0
DA:262,0
DA:263,0
DA:264,0
DA:265,0
DA:266,0
BRDA:255,142,1,0
BRDA:256,131,1,0
BRDA:258,82,0,0
BRDA:258,82,1,0
BRDA:256,131,0,0
BRDA:255,142,0,0
FN:14,System.Void Clio.PackageConverter::.cctor()
FNDA:0,System.Void Clio.PackageConverter::.cctor()
DA:15,0
LF:223
LH:0
BRF:70
BRH:0
FNF:16
FNH:0
end_of_record
SF:D:\Projects\clio-proj\clio\clio\Package\PackageDependency.cs
FN:22,System.String Clio.PackageDependency::get_UId()
FNDA:0,System.String Clio.PackageDependency::get_UId()
DA:23,0
FN:23,System.String Clio.PackageDependency::get_PackageVersion()
FNDA:0,System.String Clio.PackageDependency::get_PackageVersion()
DA:24,0
FN:24,System.String Clio.PackageDependency::get_Name()
FNDA:0,System.String Clio.PackageDependency::get_Name()
DA:25,0
FN:30,System.Boolean Clio.PackageDependency::op_Equality(Clio.PackageDependency,Clio.PackageDependency)
FNDA:0,System.Boolean Clio.PackageDependency::op_Equality(Clio.PackageDependency,Clio.PackageDependency)
DA:31,0
DA:32,0
DA:33,0
FN:34,System.Boolean Clio.PackageDependency::op_Inequality(Clio.PackageDependency,Clio.PackageDependency)
FNDA:0,System.Boolean Clio.PackageDependency::op_Inequality(Clio.PackageDependency,Clio.PackageDependency)
DA:35,0
DA:36,0
DA:37,0
FN:38,System.Boolean Clio.PackageDependency::Equals(Clio.PackageDependency)
FNDA:0,System.Boolean Clio.PackageDependency::Equals(Clio.PackageDependency)
DA:39,0
DA:40,0
DA:41,0
FN:42,System.Boolean Clio.PackageDependency::Equals(System.Object)
FNDA:0,System.Boolean Clio.PackageDependency::Equals(System.Object)
DA:43,0
DA:44,0
DA:45,0
DA:47,0
DA:48,0
DA:49,0
DA:50,0
DA:52,0
BRDA:44,2,0,0
BRDA:44,2,1,0
BRDA:44,36,0,0
BRDA:44,36,1,0
BRDA:48,68,0,0
BRDA:48,88,0,0
BRDA:48,68,1,0
BRDA:48,88,1,0
FN:53,System.Int32 Clio.PackageDependency::GetHashCode()
FNDA:0,System.Int32 Clio.PackageDependency::GetHashCode()
DA:54,0
DA:55,0
DA:56,0
FN:57,System.String Clio.PackageDependency::ToString()
FNDA:0,System.String Clio.PackageDependency::ToString()
DA:58,0
DA:59,0
DA:60,0
FN:12,System.Void Clio.PackageDependency::.ctor(System.String,System.String,System.String)
FNDA:0,System.Void Clio.PackageDependency::.ctor(System.String,System.String,System.String)
DA:13,0
DA:14,0
DA:15,0
DA:16,0
DA:17,0
BRDA:16,20,0,0
BRDA:16,20,1,0
LF:31
LH:0
BRF:10
BRH:0
FNF:10
FNH:0
end_of_record
SF:D:\Projects\clio-proj\clio\clio\Package\PackageInfo.cs
FN:29,Clio.Package.PackageDescriptor Clio.PackageInfo::get_Descriptor()
FNDA:6,Clio.Package.PackageDescriptor Clio.PackageInfo::get_Descriptor()
DA:30,6
FN:30,Clio.Project.NuGet.PackageVersion Clio.PackageInfo::get_Version()
FNDA:0,Clio.Project.NuGet.PackageVersion Clio.PackageInfo::get_Version()
DA:31,0
FN:31,System.String Clio.PackageInfo::get_PackagePath()
FNDA:0,System.String Clio.PackageInfo::get_PackagePath()
DA:32,0
FN:32,System.Collections.Generic.IEnumerable`1<System.String> Clio.PackageInfo::get_FilePaths()
FNDA:0,System.Collections.Generic.IEnumerable`1<System.String> Clio.PackageInfo::get_FilePaths()
DA:33,0
FN:33,System.String Clio.PackageInfo::get_PackageDescriptorPath()
FNDA:0,System.String Clio.PackageInfo::get_PackageDescriptorPath()
DA:34,0
FN:15,System.Void Clio.PackageInfo::.ctor(Clio.Package.PackageDescriptor,System.String,System.Collections.Generic.IEnumerable`1<System.String>)
FNDA:5,System.Void Clio.PackageInfo::.ctor(Clio.Package.PackageDescriptor,System.String,System.Collections.Generic.IEnumerable`1<System.String>)
DA:16,5
DA:17,10
DA:18,5
DA:19,5
DA:20,5
DA:21,5
DA:22,0
DA:23,0
DA:24,5
BRDA:21,44,0,0
BRDA:21,44,1,5
LF:14
LH:8
BRF:2
BRH:1
FNF:6
FNH:2
end_of_record
SF:D:\Projects\clio-proj\clio\clio\Package\PackageInfoProvider.cs
FN:34,Clio.PackageInfo Clio.PackageInfoProvider::GetPackageInfo(System.String)
FNDA:0,Clio.PackageInfo Clio.PackageInfoProvider::GetPackageInfo(System.String)
DA:35,0
DA:36,0
DA:37,0
DA:38,0
DA:39,0
DA:41,0
DA:42,0
DA:43,0
DA:44,0
DA:45,0
DA:46,0
DA:48,0
DA:49,0
DA:51,0
BRDA:38,31,0,0
BRDA:38,31,1,0
FN:25,System.Void Clio.PackageInfoProvider::.ctor(Clio.Common.IJsonConverter)
FNDA:0,System.Void Clio.PackageInfoProvider::.ctor(Clio.Common.IJsonConverter)
DA:26,0
DA:27,0
DA:28,0
DA:29,0
LF:18
LH:0
BRF:2
BRH:0
FNF:2
FNH:0
end_of_record
SF:D:\Projects\clio-proj\clio\clio\Program.cs
FN:26,System.String Clio.Program::get_UserName()
FNDA:0,System.String Clio.Program::get_UserName()
DA:27,0
FN:27,System.String Clio.Program::get_UserPassword()
FNDA:0,System.String Clio.Program::get_UserPassword()
DA:28,0
FN:28,System.String Clio.Program::get_Url()
FNDA:0,System.String Clio.Program::get_Url()
DA:29,0
FN:29,System.String Clio.Program::get_ClientId()
FNDA:0,System.String Clio.Program::get_ClientId()
DA:30,0
FN:30,System.String Clio.Program::get_ClientSecret()
FNDA:0,System.String Clio.Program::get_ClientSecret()
DA:31,0
FN:31,System.String Clio.Program::get_AuthAppUrl()
FNDA:0,System.String Clio.Program::get_AuthAppUrl()
DA:32,0
FN:33,System.String Clio.Program::get_AppUrl()
FNDA:0,System.String Clio.Program::get_AppUrl()
DA:34,0
DA:35,0
DA:36,0
DA:37,0
DA:40,0
DA:41,0
DA:43,0
BRDA:35,8,0,0
BRDA:35,8,1,0
FN:45,System.String Clio.Program::get_GetZipPackageUrl()
FNDA:0,System.String Clio.Program::get_GetZipPackageUrl()
DA:46,0
FN:47,System.String Clio.Program::get_DeleteExistsPackagesZipUrl()
FNDA:0,System.String Clio.Program::get_DeleteExistsPackagesZipUrl()
DA:48,0
FN:49,System.String Clio.Program::get_ExistsPackageZipUrl()
FNDA:0,System.String Clio.Program::get_ExistsPackageZipUrl()
DA:50,0
FN:51,System.String Clio.Program::get_DownloadExistsPackageZipUrl()
FNDA:0,System.String Clio.Program::get_DownloadExistsPackageZipUrl()
DA:52,0
FN:53,System.String Clio.Program::get_ApiVersionUrl()
FNDA:0,System.String Clio.Program::get_ApiVersionUrl()
DA:54,0
FN:55,System.String Clio.Program::get_GetEntityModelsUrl()
FNDA:0,System.String Clio.Program::get_GetEntityModelsUrl()
DA:56,0
FN:58,System.Boolean Clio.Program::get_IsEnvironmentReported()
FNDA:0,System.Boolean Clio.Program::get_IsEnvironmentReported()
DA:59,0
FN:62,Creatio.Client.CreatioClient Clio.Program::get__creatioClientInstance()
FNDA:0,Creatio.Client.CreatioClient Clio.Program::get__creatioClientInstance()
DA:63,0
DA:64,0
DA:65,0
DA:66,0
DA:69,0
DA:70,0
DA:72,0
BRDA:64,13,0,0
BRDA:64,13,1,0
FN:74,System.Boolean Clio.Program::get_Safe()
FNDA:1,System.Boolean Clio.Program::get_Safe()
DA:75,1
FN:77,System.Void Clio.Program::Configure(Clio.EnvironmentOptions)
FNDA:0,System.Void Clio.Program::Configure(Clio.EnvironmentOptions)
DA:78,0
DA:79,0
DA:80,0
DA:81,0
DA:82,0
DA:83,0
FN:85,System.Void Clio.Program::MessageToConsole(System.String,System.ConsoleColor)
FNDA:0,System.Void Clio.Program::MessageToConsole(System.String,System.ConsoleColor)
DA:86,0
DA:87,0
DA:88,0
DA:89,0
DA:90,0
DA:91,0
FN:92,System.Void Clio.Program::SetupAppConnection(Clio.EnvironmentOptions)
FNDA:0,System.Void Clio.Program::SetupAppConnection(Clio.EnvironmentOptions)
DA:93,0
DA:94,0
DA:95,0
DA:96,0
FN:98,System.Void Clio.Program::CheckApiVersion()
FNDA:0,System.Void Clio.Program::CheckApiVersion()
DA:99,0
DA:100,0
DA:101,0
DA:102,0
DA:103,0
DA:104,0
DA:105,0
DA:106,0
DA:107,0
DA:108,0
DA:109,0
DA:110,0
DA:111,0
DA:112,0
DA:113,0
DA:114,0
BRDA:104,67,0,0
BRDA:104,67,1,0
BRDA:109,111,0,0
BRDA:109,111,1,0
FN:116,System.Version Clio.Program::GetAppApiVersion()
FNDA:0,System.Version Clio.Program::GetAppApiVersion()
DA:117,0
DA:118,0
DA:120,0
DA:121,0
DA:122,0
DA:123,0
DA:124,0
DA:125,0
DA:126,0
DA:127,0
DA:128,0
FN:130,System.Void Clio.Program::DownloadZipPackagesInternal(System.String,System.String,System.Boolean)
FNDA:0,System.Void Clio.Program::DownloadZipPackagesInternal(System.String,System.String,System.Boolean)
DA:131,0
DA:133,0
DA:134,0
DA:135,0
DA:136,0
DA:137,0
DA:138,0
DA:139,0
DA:140,0
DA:141,0
DA:143,0
DA:144,0
DA:145,0
DA:146,0
DA:147,0
DA:148,0
DA:149,0
DA:150,0
DA:151,0
DA:152,0
DA:153,0
DA:155,0
DA:156,0
DA:157,0
DA:158,0
DA:159,0
DA:160,0
DA:162,0
DA:163,0
DA:164,0
DA:165,0
DA:166,0
DA:167,0
DA:168,0
DA:169,0
DA:170,0
DA:171,0
DA:172,0
BRDA:138,92,0,0
BRDA:138,92,1,0
BRDA:162,270,1,0
BRDA:158,249,0,0
BRDA:158,249,1,0
BRDA:162,270,0,0
FN:174,System.String Clio.Program::CorrectJson(System.String)
FNDA:0,System.String Clio.Program::CorrectJson(System.String)
DA:175,0
DA:176,0
DA:177,0
DA:178,0
DA:179,0
DA:180,0
DA:181,0
DA:182,0
DA:183,0
DA:184,0
DA:185,0
FN:187,System.Void Clio.Program::UnZipPackages(System.String,System.String)
FNDA:0,System.Void Clio.Program::UnZipPackages(System.String,System.String)
DA:188,0
DA:189,0
DA:190,0
DA:191,0
FN:193,System.Void Clio.Program::UnZip(System.String)
FNDA:0,System.Void Clio.Program::UnZip(System.String)
DA:194,0
DA:195,0
DA:196,0
DA:197,0
FN:199,System.Int32 Clio.Program::DownloadZipPackages(Clio.Command.PackageCommand.PullPkgOptions)
FNDA:0,System.Int32 Clio.Program::DownloadZipPackages(Clio.Command.PackageCommand.PullPkgOptions)
DA:200,0
DA:202,0
DA:203,0
DA:204,0
DA:205,0
DA:206,0
DA:207,0
DA:208,0
DA:209,0
DA:210,0
DA:211,0
DA:212,0
DA:213,0
DA:214,0
DA:215,0
DA:217,0
DA:218,0
DA:219,0
DA:220,0
DA:221,0
DA:222,0
DA:223,0
DA:224,0
DA:225,0
DA:226,0
DA:228,0
DA:229,0
DA:230,0
DA:231,0
DA:233,0
BRDA:205,85,0,0
BRDA:207,124,0,0
BRDA:207,124,1,0
BRDA:205,85,1,0
BRDA:218,186,0,0
BRDA:218,186,1,0
BRDA:219,228,0,0
BRDA:219,228,1,0
FN:235,Clio.EnvironmentSettings Clio.Program::GetEnvironmentSettings(Clio.EnvironmentOptions)
FNDA:0,Clio.EnvironmentSettings Clio.Program::GetEnvironmentSettings(Clio.EnvironmentOptions)
DA:236,0
DA:237,0
DA:238,0
DA:239,0
FN:242,TCommand Clio.Program::CreateRemoteCommand(Clio.EnvironmentOptions,System.Object[])
FNDA:0,TCommand Clio.Program::CreateRemoteCommand(Clio.EnvironmentOptions,System.Object[])
DA:243,0
DA:244,0
DA:245,0
DA:246,0
DA:247,0
DA:248,0
DA:249,0
DA:250,0
BRDA:245,19,0,0
BRDA:245,19,1,0
FN:253,TCommand Clio.Program::CreateRemoteCommandWithoutClient(Clio.EnvironmentOptions,System.Object[])
FNDA:0,TCommand Clio.Program::CreateRemoteCommandWithoutClient(Clio.EnvironmentOptions,System.Object[])
DA:254,0
DA:255,0
DA:256,0
DA:257,0
DA:258,0
FN:261,TCommand Clio.Program::CreateCommand(System.Object[])
FNDA:0,TCommand Clio.Program::CreateCommand(System.Object[])
DA:262,0
DA:263,0
DA:264,0
FN:266,Clio.Command.PushPkgOptions Clio.Program::CreatePushPkgOptions(Clio.InstallGateOptions)
FNDA:0,Clio.Command.PushPkgOptions Clio.Program::CreatePushPkgOptions(Clio.InstallGateOptions)
DA:267,0
DA:268,0
DA:269,0
DA:270,0
DA:271,0
DA:272,0
DA:273,0
DA:274,0
DA:275,0
DA:276,0
DA:277,0
DA:278,0
DA:279,0
DA:280,0
DA:281,0
DA:282,0
DA:283,0
DA:284,0
DA:285,0
DA:286,0
DA:287,0
BRDA:271,28,0,0
BRDA:271,28,1,0
FN:289,T Clio.Program::Resolve(Clio.EnvironmentOptions)
FNDA:0,T Clio.Program::Resolve(Clio.EnvironmentOptions)
DA:290,0
DA:291,0
DA:292,0
DA:293,0
DA:294,0
DA:295,0
DA:296,0
DA:297,0
DA:298,0
BRDA:292,9,0,0
BRDA:292,9,1,0
FN:299,System.Void Clio.Program::TryCheckForUpdate()
FNDA:0,System.Void Clio.Program::TryCheckForUpdate()
DA:300,0
DA:301,0
DA:302,0
DA:303,0
DA:304,0
DA:305,0
DA:306,0
DA:308,0
DA:309,0
BRDA:303,16,0,0
BRDA:304,25,0,0
BRDA:304,25,1,0
BRDA:303,16,1,0
FN:311,System.Int32 Clio.Program::Main(System.String[])
FNDA:0,System.Int32 Clio.Program::Main(System.String[])
DA:312,0
DA:313,0
DA:314,0
DA:315,0
DA:316,0
DA:317,0
DA:319,0
FN:320,System.Int32 Clio.Program::ExecuteCommands(System.String[])
FNDA:0,System.Int32 Clio.Program::ExecuteCommands(System.String[])
DA:321,0
DA:322,0
DA:323,0
DA:324,0
DA:325,0
DA:326,0
DA:327,0
DA:328,0
DA:329,0
DA:330,0
DA:331,0
DA:332,0
DA:333,0
DA:335,0
DA:336,0
BRDA:327,31,0,0
BRDA:327,31,1,0
BRDA:332,137,0,0
BRDA:332,137,1,0
FN:338,System.Void Clio.Program::TryCheckUpdate(System.String[])
FNDA:0,System.Void Clio.Program::TryCheckUpdate(System.String[])
DA:339,0
DA:340,0
DA:341,0
DA:342,0
DA:343,0
DA:344,0
DA:346,0
DA:347,0
DA:348,0
DA:349,0
BRDA:340,11,1,0
BRDA:342,28,0,0
BRDA:342,43,1,0
BRDA:340,11,0,0
BRDA:342,28,1,0
BRDA:342,43,0,0
BRDA:346,79,0,0
BRDA:346,79,1,0
FN:350,Clio.Command.PushPkgOptions Clio.Program::CreateClioGatePkgOptions(Clio.InstallGateOptions)
FNDA:0,Clio.Command.PushPkgOptions Clio.Program::CreateClioGatePkgOptions(Clio.InstallGateOptions)
DA:351,0
DA:352,0
DA:353,0
DA:354,0
DA:355,0
DA:356,0
FN:357,System.Int32 Clio.Program::HandleParseError(System.Collections.Generic.IEnumerable`1<CommandLine.Error>)
FNDA:0,System.Int32 Clio.Program::HandleParseError(System.Collections.Generic.IEnumerable`1<CommandLine.Error>)
DA:358,0
DA:359,0
DA:361,0
DA:362,0
DA:363,0
DA:364,0
DA:365,0
DA:366,0
DA:368,0
DA:369,0
DA:370,0
DA:372,0
DA:373,0
DA:375,0
DA:376,0
BRDA:372,88,0,0
BRDA:372,88,1,0
FN:378,System.Int32 Clio.Program::SetDeveloperMode(Clio.DeveloperModeOptions)
FNDA:0,System.Int32 Clio.Program::SetDeveloperMode(Clio.DeveloperModeOptions)
DA:379,0
DA:381,0
DA:382,0
DA:383,0
DA:384,0
DA:385,0
DA:386,0
DA:387,0
DA:388,0
DA:389,0
DA:390,0
DA:391,0
DA:392,0
DA:393,0
DA:394,0
DA:395,0
DA:396,0
DA:398,0
DA:399,0
DA:400,0
DA:401,0
DA:403,0
FN:405,System.Void Clio.Program::UnlockMaintainerPackageInternal(Clio.EnvironmentOptions)
FNDA:0,System.Void Clio.Program::UnlockMaintainerPackageInternal(Clio.EnvironmentOptions)
DA:406,0
DA:407,0
DA:408,0
DA:409,0
FN:411,System.Int32 Clio.Program::AddModels(Clio.ItemOptions)
FNDA:0,System.Int32 Clio.Program::AddModels(Clio.ItemOptions)
DA:412,0
DA:414,0
DA:415,0
DA:416,0
DA:417,0
DA:419,0
DA:420,0
DA:421,0
DA:422,0
DA:426,0
DA:427,0
DA:428,0
DA:429,0
DA:430,0
DA:431,0
DA:432,0
DA:433,0
DA:434,0
DA:435,0
DA:436,0
DA:438,0
DA:439,0
DA:440,0
DA:441,0
DA:443,0
BRDA:414,9,0,0
BRDA:414,9,1,0
BRDA:430,168,1,0
BRDA:430,168,0,0
FN:445,System.Int32 Clio.Program::AddItem(Clio.ItemOptions)
FNDA:0,System.Int32 Clio.Program::AddItem(Clio.ItemOptions)
DA:446,0
DA:447,0
DA:448,0
DA:449,0
DA:452,0
DA:453,0
DA:455,0
BRDA:447,24,0,0
BRDA:447,24,1,0
FN:457,System.Int32 Clio.Program::AddItemFromTemplate(Clio.ItemOptions)
FNDA:0,System.Int32 Clio.Program::AddItemFromTemplate(Clio.ItemOptions)
DA:458,0
DA:460,0
DA:461,0
DA:462,0
DA:463,0
DA:464,0
DA:465,0
DA:466,0
DA:467,0
DA:468,0
DA:469,0
DA:470,0
DA:471,0
DA:472,0
DA:473,0
DA:474,0
DA:475,0
DA:477,0
DA:478,0
DA:479,0
DA:480,0
DA:482,0
BRDA:464,110,0,0
BRDA:467,135,0,0
BRDA:467,135,1,0
BRDA:464,110,1,0
FN:484,System.Collections.Generic.Dictionary`2<System.String,System.String> Clio.Program::GetClassModels(System.String,System.String)
FNDA:0,System.Collections.Generic.Dictionary`2<System.String,System.String> Clio.Program::GetClassModels(System.String,System.String)
DA:485,0
DA:486,0
DA:487,0
DA:488,0
DA:489,0
DA:490,0
FN:492,System.Int32 Clio.Program::ConvertPackage(Clio.ConvertOptions)
FNDA:0,System.Int32 Clio.Program::ConvertPackage(Clio.ConvertOptions)
DA:493,0
DA:494,0
DA:495,0
FN:337,System.Void Clio.Program::.cctor()
FNDA:1,System.Void Clio.Program::.cctor()
DA:338,1
DA:498,1
DA:499,1
DA:500,1
DA:501,1
DA:502,1
DA:503,1
DA:504,1
DA:505,1
DA:506,1
DA:507,1
DA:508,1
DA:509,1
DA:510,1
DA:511,1
DA:512,1
DA:513,1
DA:514,1
DA:515,1
DA:516,1
DA:517,1
DA:518,1
DA:519,1
DA:520,1
DA:521,1
DA:522,1
DA:523,1
DA:524,1
DA:525,1
DA:526,1
DA:527,1
DA:528,1
DA:529,1
DA:530,1
DA:531,1
DA:532,1
DA:533,1
DA:534,1
DA:535,1
DA:536,1
DA:537,1
DA:538,1
DA:539,1
DA:540,1
DA:541,1
DA:542,1
DA:543,1
DA:544,1
DA:545,1
DA:546,1
DA:547,1
DA:548,1
DA:549,1
DA:550,1
DA:551,1
DA:552,1
DA:553,1
DA:554,1
DA:555,1
DA:556,1
DA:557,1
DA:558,1
DA:559,1
DA:560,1
DA:561,1
DA:562,1
DA:563,1
DA:564,1
DA:565,1
DA:566,1
DA:567,1
DA:568,1
DA:569,1
DA:570,1
DA:571,1
DA:572,1
DA:573,1
DA:574,0
DA:575,0
DA:576,0
DA:577,0
DA:578,0
DA:579,0
DA:580,0
DA:581,0
DA:582,0
DA:583,0
DA:584,0
DA:585,0
DA:586,0
DA:587,0
DA:588,0
DA:589,0
DA:590,0
DA:591,0
DA:592,0
DA:593,0
DA:594,0
DA:595,0
DA:596,0
DA:597,0
DA:598,0
DA:599,0
DA:600,0
DA:601,0
DA:602,0
DA:603,0
DA:604,0
DA:605,0
DA:606,0
DA:607,0
DA:608,0
DA:609,0
DA:610,0
DA:611,0
DA:612,0
DA:613,0
DA:614,0
DA:615,0
DA:616,0
DA:617,0
DA:618,0
DA:619,0
DA:620,0
DA:621,0
DA:622,0
DA:623,0
DA:624,0
DA:625,0
DA:626,0
DA:627,0
DA:628,0
DA:629,0
DA:630,0
DA:631,0
DA:632,0
DA:633,0
DA:634,0
DA:635,0
DA:636,0
DA:637,0
DA:638,0
DA:639,0
DA:640,0
DA:641,0
DA:642,0
DA:643,0
DA:644,0
DA:645,0
DA:646,0
DA:647,0
DA:648,0
DA:649,0
DA:650,0
DA:651,0
DA:652,0
DA:653,0
DA:654,1
BRDA:574,13,0,0
BRDA:574,26,0,0
BRDA:574,39,0,0
BRDA:574,52,0,0
BRDA:574,67,0,0
BRDA:574,82,0,0
BRDA:574,97,0,0
BRDA:574,112,0,0
BRDA:574,127,0,0
BRDA:574,142,0,0
BRDA:574,157,0,0
BRDA:574,172,0,0
BRDA:574,187,0,0
BRDA:574,202,0,0
BRDA:574,217,0,0
BRDA:574,232,0,0
BRDA:574,247,0,0
BRDA:574,262,0,0
BRDA:574,277,0,0
BRDA:574,292,0,0
BRDA:574,307,0,0
BRDA:574,322,0,0
BRDA:574,337,0,0
BRDA:574,352,0,0
BRDA:574,367,0,0
BRDA:574,382,0,0
BRDA:574,397,0,0
BRDA:574,412,0,0
BRDA:574,427,0,0
BRDA:574,442,0,0
BRDA:574,457,0,0
BRDA:574,472,0,0
BRDA:574,487,0,0
BRDA:574,502,0,0
BRDA:574,517,0,0
BRDA:574,532,0,0
BRDA:574,547,0,0
BRDA:574,562,0,0
BRDA:574,577,0,0
BRDA:574,592,0,0
BRDA:574,607,0,0
BRDA:574,622,0,0
BRDA:574,637,0,0
BRDA:574,652,0,0
BRDA:574,667,0,0
BRDA:574,682,0,0
BRDA:574,697,0,0
BRDA:574,712,0,0
BRDA:574,727,0,0
BRDA:574,742,0,0
BRDA:574,757,0,0
BRDA:574,772,0,0
BRDA:574,787,0,0
BRDA:574,802,0,0
BRDA:574,817,0,0
BRDA:574,832,0,0
BRDA:574,847,0,0
BRDA:574,862,0,0
BRDA:574,877,0,0
BRDA:574,892,0,0
BRDA:574,907,0,0
BRDA:574,922,0,0
BRDA:574,937,0,0
BRDA:574,952,0,0
BRDA:574,967,0,0
BRDA:574,982,0,0
BRDA:574,997,0,0
BRDA:574,1012,0,0
BRDA:574,1027,0,0
BRDA:574,1042,0,0
BRDA:574,1057,0,0
BRDA:574,13,1,0
BRDA:574,26,1,0
BRDA:574,39,1,0
BRDA:574,52,1,0
BRDA:574,67,1,0
BRDA:574,82,1,0
BRDA:574,97,1,0
BRDA:574,112,1,0
BRDA:574,127,1,0
BRDA:574,142,1,0
BRDA:574,157,1,0
BRDA:574,172,1,0
BRDA:574,187,1,0
BRDA:574,202,1,0
BRDA:574,217,1,0
BRDA:574,232,1,0
BRDA:574,247,1,0
BRDA:574,262,1,0
BRDA:574,277,1,0
BRDA:574,292,1,0
BRDA:574,307,1,0
BRDA:574,322,1,0
BRDA:574,337,1,0
BRDA:574,352,1,0
BRDA:574,367,1,0
BRDA:574,382,1,0
BRDA:574,397,1,0
BRDA:574,412,1,0
BRDA:574,427,1,0
BRDA:574,442,1,0
BRDA:574,457,1,0
BRDA:574,472,1,0
BRDA:574,487,1,0
BRDA:574,502,1,0
BRDA:574,517,1,0
BRDA:574,532,1,0
BRDA:574,547,1,0
BRDA:574,562,1,0
BRDA:574,577,1,0
BRDA:574,592,1,0
BRDA:574,607,1,0
BRDA:574,622,1,0
BRDA:574,637,1,0
BRDA:574,652,1,0
BRDA:574,667,1,0
BRDA:574,682,1,0
BRDA:574,697,1,0
BRDA:574,712,1,0
BRDA:574,727,1,0
BRDA:574,742,1,0
BRDA:574,757,1,0
BRDA:574,772,1,0
BRDA:574,787,1,0
BRDA:574,802,1,0
BRDA:574,817,1,0
BRDA:574,832,1,0
BRDA:574,847,1,0
BRDA:574,862,1,0
BRDA:574,877,1,0
BRDA:574,892,1,0
BRDA:574,907,1,0
BRDA:574,922,1,0
BRDA:574,937,1,0
BRDA:574,952,1,0
BRDA:574,967,1,0
BRDA:574,982,1,0
BRDA:574,997,1,0
BRDA:574,1012,1,0
BRDA:574,1027,1,0
BRDA:574,1042,1,0
BRDA:574,1057,1,0
BRDA:574,1072,1,0
BRDA:574,1072,0,0
LF:517
LH:79
BRF:200
BRH:0
FNF:46
FNH:2
end_of_record
SF:D:\Projects\clio-proj\clio\clio\Project\CreatioPkgProject.cs
FN:35,System.Xml.Linq.XName Clio.CreatioPkgProject::get_HintPath()
FNDA:232,System.Xml.Linq.XName Clio.CreatioPkgProject::get_HintPath()
DA:36,232
FN:37,System.Xml.Linq.XName Clio.CreatioPkgProject::get_ItemGroup()
FNDA:343,System.Xml.Linq.XName Clio.CreatioPkgProject::get_ItemGroup()
DA:38,343
FN:39,System.Xml.Linq.XName Clio.CreatioPkgProject::get_Reference()
FNDA:51,System.Xml.Linq.XName Clio.CreatioPkgProject::get_Reference()
DA:40,51
FN:41,System.Xml.Linq.XName Clio.CreatioPkgProject::get_IncludeAttr()
FNDA:163,System.Xml.Linq.XName Clio.CreatioPkgProject::get_IncludeAttr()
DA:42,163
FN:45,Clio.RefType Clio.CreatioPkgProject::get_CurrentRefType()
FNDA:73,Clio.RefType Clio.CreatioPkgProject::get_CurrentRefType()
DA:46,73
FN:50,System.Xml.Linq.XElement Clio.CreatioPkgProject::get_Document()
FNDA:81,System.Xml.Linq.XElement Clio.CreatioPkgProject::get_Document()
DA:51,81
FN:55,System.String Clio.CreatioPkgProject::get_LoadPath()
FNDA:0,System.String Clio.CreatioPkgProject::get_LoadPath()
DA:56,0
FN:60,System.Xml.Linq.XNamespace Clio.CreatioPkgProject::get_Namespace()
FNDA:626,System.Xml.Linq.XNamespace Clio.CreatioPkgProject::get_Namespace()
DA:61,626
FN:64,Clio.CreatioPkgProject Clio.CreatioPkgProject::LoadFromFile(System.String)
FNDA:15,Clio.CreatioPkgProject Clio.CreatioPkgProject::LoadFromFile(System.String)
DA:65,15
DA:66,15
DA:67,15
FN:74,System.Void Clio.CreatioPkgProject::ChangeHint(System.Xml.Linq.XElement)
FNDA:31,System.Void Clio.CreatioPkgProject::ChangeHint(System.Xml.Linq.XElement)
DA:75,31
DA:76,31
DA:77,31
DA:78,31
DA:79,31
DA:80,31
DA:81,23
DA:82,23
DA:83,23
DA:84,23
DA:85,31
DA:86,31
DA:87,31
DA:88,31
DA:89,31
DA:90,31
DA:91,31
DA:92,31
DA:93,31
DA:94,31
DA:95,31
DA:96,31
BRDA:76,13,0,0
BRDA:76,13,1,31
BRDA:77,31,0,31
BRDA:80,55,0,23
BRDA:80,55,1,31
BRDA:77,31,1,31
BRDA:86,95,0,0
BRDA:86,95,1,31
BRDA:87,115,0,31
BRDA:90,141,0,31
BRDA:90,141,1,31
BRDA:87,115,1,31
FN:98,System.Void Clio.CreatioPkgProject::DeletePackagesConfig()
FNDA:9,System.Void Clio.CreatioPkgProject::DeletePackagesConfig()
DA:99,9
DA:100,9
DA:101,118
DA:102,9
DA:103,9
BRDA:102,61,1,1
BRDA:102,61,0,9
FN:105,System.Void Clio.CreatioPkgProject::DetermineCurrentRef()
FNDA:15,System.Void Clio.CreatioPkgProject::DetermineCurrentRef()
DA:106,15
DA:107,15
DA:108,4
DA:109,4
DA:110,4
DA:111,11
DA:112,4
DA:113,4
DA:114,4
DA:115,7
DA:116,4
DA:117,4
DA:118,4
DA:119,3
DA:120,2
DA:121,2
DA:122,2
DA:123,15
BRDA:107,20,0,4
BRDA:107,20,1,11
BRDA:111,53,0,4
BRDA:111,53,1,7
BRDA:115,86,0,4
BRDA:115,86,1,3
BRDA:119,119,0,2
BRDA:119,119,1,15
FN:125,System.Boolean Clio.CreatioPkgProject::RecurseDetermineCurrentRef(System.Xml.Linq.XElement,System.String)
FNDA:148,System.Boolean Clio.CreatioPkgProject::RecurseDetermineCurrentRef(System.Xml.Linq.XElement,System.String)
DA:126,148
DA:127,184
DA:128,234
DA:129,234
DA:130,148
DA:131,64
DA:132,64
DA:134,472
DA:135,112
DA:136,112
DA:137,112
DA:138,4
DA:139,4
DA:141,108
DA:142,80
DA:143,148
BRDA:130,52,0,134
BRDA:130,52,1,14
BRDA:130,68,0,64
BRDA:130,68,1,84
BRDA:134,136,1,112
BRDA:137,121,0,4
BRDA:137,121,1,108
BRDA:134,136,0,80
BRDA:127,24,0,36
BRDA:127,24,1,36
BRDA:128,17,0,38
BRDA:128,17,1,12
FN:145,System.String Clio.CreatioPkgProject::GetSearchPattern(Clio.RefType)
FNDA:35,System.String Clio.CreatioPkgProject::GetSearchPattern(Clio.RefType)
DA:146,35
DA:147,35
DA:150,23
DA:152,5
DA:154,6
DA:156,1
DA:158,0
DA:160,35
BRDA:147,8,1,23
BRDA:147,8,3,5
BRDA:147,8,5,6
BRDA:147,8,6,1
BRDA:147,8,0,0
BRDA:147,8,2,0
BRDA:147,8,4,0
FN:162,System.Void Clio.CreatioPkgProject::ChangeReference()
FNDA:11,System.Void Clio.CreatioPkgProject::ChangeReference()
DA:163,11
DA:164,11
DA:165,11
DA:166,11
DA:167,11
FN:169,System.Void Clio.CreatioPkgProject::RecurseSearchItemGroup(System.Xml.Linq.XElement,System.Collections.Generic.List`1<System.Xml.Linq.XElement>&)
FNDA:186,System.Void Clio.CreatioPkgProject::RecurseSearchItemGroup(System.Xml.Linq.XElement,System.Collections.Generic.List`1<System.Xml.Linq.XElement>&)
DA:170,186
DA:171,186
DA:172,67
DA:173,551
DA:174,175
DA:175,175
DA:176,175
DA:177,67
DA:178,588
DA:179,15
DA:180,15
DA:181,62
DA:182,62
DA:183,15
DA:184,186
BRDA:171,9,0,67
BRDA:173,51,1,175
BRDA:173,51,0,67
BRDA:171,9,1,186
BRDA:178,142,1,15
BRDA:178,142,0,186
FN:186,Clio.CreatioPkgProject Clio.CreatioPkgProject::RefToBin()
FNDA:3,Clio.CreatioPkgProject Clio.CreatioPkgProject::RefToBin()
DA:187,3
DA:188,3
DA:189,3
DA:190,3
DA:191,3
DA:192,3
DA:193,3
FN:195,Clio.CreatioPkgProject Clio.CreatioPkgProject::RefToCoreSrc()
FNDA:2,Clio.CreatioPkgProject Clio.CreatioPkgProject::RefToCoreSrc()
DA:196,2
DA:197,2
DA:198,2
DA:199,2
DA:200,2
DA:201,2
DA:202,2
FN:204,Clio.CreatioPkgProject Clio.CreatioPkgProject::RefToCustomPath(System.String)
FNDA:2,Clio.CreatioPkgProject Clio.CreatioPkgProject::RefToCustomPath(System.String)
DA:205,2
DA:206,2
DA:207,2
DA:208,2
DA:209,2
DA:210,2
FN:212,Clio.CreatioPkgProject Clio.CreatioPkgProject::RefToUnitBin()
FNDA:3,Clio.CreatioPkgProject Clio.CreatioPkgProject::RefToUnitBin()
DA:213,3
DA:214,3
DA:215,3
DA:216,3
DA:217,3
DA:218,3
DA:219,3
DA:220,3
DA:221,3
FN:223,Clio.CreatioPkgProject Clio.CreatioPkgProject::RefToUnitCoreSrc()
FNDA:1,Clio.CreatioPkgProject Clio.CreatioPkgProject::RefToUnitCoreSrc()
DA:224,1
DA:225,1
DA:226,1
DA:227,1
DA:228,1
DA:229,1
DA:230,1
DA:231,1
DA:232,1
FN:234,System.Void Clio.CreatioPkgProject::SaveChanges()
FNDA:0,System.Void Clio.CreatioPkgProject::SaveChanges()
DA:235,0
DA:236,0
DA:237,0
FN:27,System.Void Clio.CreatioPkgProject::.ctor(System.String)
FNDA:15,System.Void Clio.CreatioPkgProject::.ctor(System.String)
DA:28,15
DA:29,15
DA:30,15
DA:31,15
DA:32,15
DA:33,15
DA:34,15
FN:68,System.Void Clio.CreatioPkgProject::.ctor()
FNDA:0,System.Void Clio.CreatioPkgProject::.ctor()
DA:69,0
DA:70,0
DA:72,0
LF:151
LH:143
BRF:49
BRH:44
FNF:24
FNH:21
end_of_record
SF:D:\Projects\clio-proj\clio\clio\WikiHelpViewer.cs
FN:32,System.String Clio.WikiHelpViewer::GetWikiAnchor(System.String)
FNDA:0,System.String Clio.WikiHelpViewer::GetWikiAnchor(System.String)
DA:33,0
DA:34,0
DA:35,0
DA:36,0
DA:37,0
DA:38,0
DA:40,0
DA:41,0
DA:42,0
BRDA:34,65,1,0
BRDA:36,50,0,0
BRDA:36,50,1,0
BRDA:34,65,0,0
FN:45,System.String Clio.WikiHelpViewer::GetCommandHelpUrl(System.String)
FNDA:0,System.String Clio.WikiHelpViewer::GetCommandHelpUrl(System.String)
DA:46,0
DA:47,0
DA:48,0
DA:49,0
DA:50,0
FN:51,System.Void Clio.WikiHelpViewer::ViewHelp(System.String)
FNDA:0,System.Void Clio.WikiHelpViewer::ViewHelp(System.String)
DA:52,0
DA:53,0
DA:54,0
FN:55,System.Boolean Clio.WikiHelpViewer::CheckHelp(System.String)
FNDA:0,System.Boolean Clio.WikiHelpViewer::CheckHelp(System.String)
DA:56,0
DA:57,0
DA:58,0
DA:59,0
DA:60,0
DA:62,0
BRDA:58,7,0,0
BRDA:58,7,1,0
FN:15,System.Void Clio.WikiHelpViewer::.ctor()
FNDA:0,System.Void Clio.WikiHelpViewer::.ctor()
DA:16,0
DA:17,0
DA:18,0
DA:19,0
DA:20,0
DA:21,0
DA:22,0
DA:23,0
DA:24,0
DA:25,0
DA:26,0
DA:27,0
DA:28,0
DA:29,0
DA:31,0
DA:44,0
BRDA:21,204,1,0
BRDA:24,118,0,0
BRDA:24,118,1,0
BRDA:21,204,0,0
LF:39
LH:0
BRF:10
BRH:0
FNF:5
FNH:0
end_of_record
SF:D:\Projects\clio-proj\clio\clio\YAML\Scenario.cs
FN:165,System.Collections.Generic.IReadOnlyDictionary`2<System.String,System.Object> Clio.YAML.Scenario::get_Secrets()
FNDA:14,System.Collections.Generic.IReadOnlyDictionary`2<System.String,System.Object> Clio.YAML.Scenario::get_Secrets()
DA:166,14
FN:167,System.Collections.Generic.IReadOnlyDictionary`2<System.String,System.Object> Clio.YAML.Scenario::get_Settings()
FNDA:18,System.Collections.Generic.IReadOnlyDictionary`2<System.String,System.Object> Clio.YAML.Scenario::get_Settings()
DA:168,18
FN:169,System.Collections.Generic.List`1<Clio.YAML.Step> Clio.YAML.Scenario::get_Steps()
FNDA:16,System.Collections.Generic.List`1<Clio.YAML.Step> Clio.YAML.Scenario::get_Steps()
DA:170,16
FN:180,System.Void Clio.YAML.Scenario::ReadFileContent(System.String,System.Func`4<System.Collections.Generic.Dictionary`2<System.Object,System.Object>,System.String,System.Func`2<System.String,System.Collections.Generic.Dictionary`2<System.Object,System.Object>>,System.Collections.Generic.Dictionary`2<System.String,System.Object>>,System.Func`2<System.String,System.Collections.Generic.Dictionary`2<System.Object,System.Object>>)
FNDA:8,System.Void Clio.YAML.Scenario::ReadFileContent(System.String,System.Func`4<System.Collections.Generic.Dictionary`2<System.Object,System.Object>,System.String,System.Func`2<System.String,System.Collections.Generic.Dictionary`2<System.Object,System.Object>>,System.Collections.Generic.Dictionary`2<System.String,System.Object>>,System.Func`2<System.String,System.Collections.Generic.Dictionary`2<System.Object,System.Object>>)
DA:181,8
DA:182,8
DA:184,8
DA:185,8
DA:186,8
DA:187,8
DA:188,8
BRDA:186,75,0,2
BRDA:186,75,1,6
FN:193,System.Collections.Generic.IEnumerable`1<System.Tuple`2<System.Object,System.String>> Clio.YAML.Scenario::GetSteps(System.Type[])
FNDA:8,System.Collections.Generic.IEnumerable`1<System.Tuple`2<System.Object,System.String>> Clio.YAML.Scenario::GetSteps(System.Type[])
DA:194,8
DA:195,8
DA:196,49
DA:197,49
DA:198,52
DA:199,8
FN:204,Clio.YAML.IExecutableScenario Clio.YAML.Scenario::InitScript(System.String)
FNDA:8,Clio.YAML.IExecutableScenario Clio.YAML.Scenario::InitScript(System.String)
DA:205,8
DA:206,8
DA:207,8
DA:208,8
FN:155,System.Void Clio.YAML.Scenario::.ctor(YamlDotNet.Serialization.IDeserializer)
FNDA:4,System.Void Clio.YAML.Scenario::.ctor(YamlDotNet.Serialization.IDeserializer)
DA:156,4
DA:157,20
DA:158,12
DA:159,8
DA:160,2
FN:43,System.Void Clio.YAML.Scenario::.cctor()
FNDA:1,System.Void Clio.YAML.Scenario::.cctor()
DA:44,1
DA:45,28
DA:46,44
DA:47,16
DA:48,1
DA:49,12
DA:50,12
DA:51,0
DA:52,1
DA:53,12
DA:54,12
DA:55,68
DA:56,0
DA:57,12
DA:58,29
DA:60,1
DA:61,18
DA:62,19
DA:63,1
DA:64,1
DA:65,17
DA:66,17
DA:67,17
DA:68,0
DA:69,0
DA:70,0
DA:71,1
DA:72,19
DA:74,1
DA:75,1
DA:76,34
DA:77,34
DA:78,0
DA:79,1
DA:80,34
DA:81,52
DA:82,58
DA:83,18
DA:84,6
DA:85,6
DA:86,6
DA:87,0
DA:88,58
DA:89,1
DA:90,34
DA:91,34
DA:92,34
DA:93,34
DA:94,34
DA:95,35
DA:97,1
DA:98,6
DA:99,6
DA:100,33
DA:101,54
DA:102,27
DA:103,27
DA:104,27
DA:105,27
DA:106,27
DA:107,27
DA:108,27
DA:109,27
DA:110,27
DA:111,33
DA:112,6
DA:113,7
DA:115,1
DA:116,111
DA:118,1
DA:119,1
DA:120,1
DA:121,1
DA:122,1
DA:123,24
DA:124,34
DA:125,10
DA:126,10
DA:127,10
DA:128,10
DA:129,1
DA:130,14
DA:131,25
DA:133,1
DA:134,10
DA:135,10
DA:136,40
DA:137,20
DA:138,10
DA:139,30
DA:140,1
DA:141,28
DA:142,18
DA:143,10
DA:144,28
DA:145,10
DA:146,11
BRDA:46,10,0,16
BRDA:46,10,1,12
BRDA:50,47,0,12
BRDA:50,47,1,0
BRDA:50,66,0,0
[...]
FNDA:0,System.Void Clio.Command.ShowPackageFileContentCommand::ProceedResponse(System.String)
DA:51,0
DA:52,0
DA:53,0
DA:54,0
DA:55,0
DA:56,0
DA:57,0
DA:58,0
BRDA:53,17,0,0
BRDA:53,17,1,0
FN:59,System.Void Clio.Command.ShowPackageFileContentCommand::PrintFolderContent(System.String)
FNDA:0,System.Void Clio.Command.ShowPackageFileContentCommand::PrintFolderContent(System.String)
DA:60,0
DA:61,0
DA:62,0
DA:63,0
DA:64,0
DA:65,0
DA:66,0
DA:67,0
DA:68,0
DA:69,0
BRDA:64,126,1,0
BRDA:64,126,0,0
FN:70,System.Void Clio.Command.ShowPackageFileContentCommand::PrintFileContent(System.String)
FNDA:0,System.Void Clio.Command.ShowPackageFileContentCommand::PrintFileContent(System.String)
DA:71,0
DA:72,0
DA:73,0
DA:74,0
DA:75,0
DA:76,0
DA:77,0
FN:41,System.Void Clio.Command.ShowPackageFileContentCommand::.ctor(Clio.Common.IApplicationClient,Clio.EnvironmentSettings)
FNDA:0,System.Void Clio.Command.ShowPackageFileContentCommand::.ctor(Clio.Common.IApplicationClient,Clio.EnvironmentSettings)
DA:42,0
DA:43,0
LF:43
LH:0
BRF:8
BRH:0
FNF:10
FNH:0
end_of_record
SF:D:\Projects\clio-proj\clio\clio\Command\TurnFsmCommand.cs
FN:35,System.Int32 Clio.Command.TurnFsmCommand::Execute(Clio.Command.TurnFsmCommandOptions)
FNDA:0,System.Int32 Clio.Command.TurnFsmCommand::Execute(Clio.Command.TurnFsmCommandOptions)
DA:36,0
DA:37,0
DA:38,0
DA:39,0
DA:40,0
DA:42,0
DA:43,0
DA:44,0
DA:46,0
DA:47,0
DA:48,0
BRDA:37,19,0,0
BRDA:38,39,0,0
BRDA:38,39,1,0
BRDA:37,19,1,0
BRDA:43,98,0,0
BRDA:43,98,1,0
FN:23,System.Void Clio.Command.TurnFsmCommand::.ctor(Clio.Command.SetFsmConfigCommand,Clio.Command.LoadPackagesToFileSystemCommand,Clio.Command.LoadPackagesToDbCommand)
FNDA:0,System.Void Clio.Command.TurnFsmCommand::.ctor(Clio.Command.SetFsmConfigCommand,Clio.Command.LoadPackagesToFileSystemCommand,Clio.Command.LoadPackagesToDbCommand)
DA:24,0
DA:25,0
DA:26,0
DA:27,0
DA:28,0
DA:29,0
DA:30,0
LF:18
LH:0
BRF:6
BRH:0
FNF:2
FNH:0
end_of_record
SF:D:\Projects\clio-proj\clio\clio\Command\UnlockPackageCommand.cs
FN:18,System.String Clio.Command.UnlockPackageOptions::get_Name()
FNDA:0,System.String Clio.Command.UnlockPackageOptions::get_Name()
DA:19,0
FN:48,System.Collections.Generic.IEnumerable`1<System.String> Clio.Command.UnlockPackageCommand::GetPackagesNames(Clio.Command.UnlockPackageOptions)
FNDA:0,System.Collections.Generic.IEnumerable`1<System.String> Clio.Command.UnlockPackageCommand::GetPackagesNames(Clio.Command.UnlockPackageOptions)
DA:49,0
DA:50,0
DA:51,0
BRDA:49,11,0,0
BRDA:49,11,1,0
FN:56,System.Int32 Clio.Command.UnlockPackageCommand::Execute(Clio.Command.UnlockPackageOptions)
FNDA:0,System.Int32 Clio.Command.UnlockPackageCommand::Execute(Clio.Command.UnlockPackageOptions)
DA:57,0
DA:58,0
DA:59,0
DA:60,0
DA:61,0
DA:62,0
DA:63,0
DA:64,0
DA:65,0
DA:67,0
FN:39,System.Void Clio.Command.UnlockPackageCommand::.ctor(Clio.Package.IPackageLockManager)
FNDA:0,System.Void Clio.Command.UnlockPackageCommand::.ctor(Clio.Package.IPackageLockManager)
DA:40,0
DA:41,0
DA:42,0
LF:17
LH:0
BRF:2
BRH:0
FNF:4
FNH:0
end_of_record
SF:D:\Projects\clio-proj\clio\clio\Command\UnregAppCommand.cs
FN:10,System.String Clio.Command.UnregAppOptions::get_Name()
FNDA:4,System.String Clio.Command.UnregAppOptions::get_Name()
DA:11,4
FN:14,System.Boolean Clio.Command.UnregAppOptions::get_UnregAll()
FNDA:1,System.Boolean Clio.Command.UnregAppOptions::get_UnregAll()
DA:15,1
FN:27,System.Int32 Clio.Command.UnregAppCommand::Execute(Clio.Command.UnregAppOptions)
FNDA:1,System.Int32 Clio.Command.UnregAppCommand::Execute(Clio.Command.UnregAppOptions)
DA:28,1
DA:29,1
DA:30,1
DA:31,0
DA:32,1
DA:33,1
DA:34,0
DA:36,1
DA:37,1
DA:38,1
DA:39,1
DA:40,1
DA:41,1
DA:42,0
DA:43,0
DA:44,0
DA:46,1
BRDA:30,10,0,0
BRDA:30,10,1,1
BRDA:33,42,0,0
BRDA:33,42,1,1
FN:23,System.Void Clio.Command.UnregAppCommand::.ctor(Clio.UserEnvironment.ISettingsRepository)
FNDA:2,System.Void Clio.Command.UnregAppCommand::.ctor(Clio.UserEnvironment.ISettingsRepository)
DA:24,2
DA:25,1
DA:26,1
LF:22
LH:17
BRF:4
BRH:2
FNF:4
FNH:4
end_of_record
SF:D:\Projects\clio-proj\clio\clio\Command\UploadLicenseCommand.cs
FN:14,System.String Clio.Command.UploadLicenseCommandOptions::get_FilePath()
FNDA:0,System.String Clio.Command.UploadLicenseCommandOptions::get_FilePath()
DA:15,0
FN:43,System.Int32 Clio.Command.UploadLicenseCommand::Execute(Clio.Command.UploadLicenseCommandOptions)
FNDA:0,System.Int32 Clio.Command.UploadLicenseCommand::Execute(Clio.Command.UploadLicenseCommandOptions)
DA:44,0
DA:46,0
DA:47,0
DA:48,0
DA:49,0
DA:51,0
DA:52,0
DA:53,0
DA:54,0
DA:56,0
FN:32,System.Void Clio.Command.UploadLicenseCommand::.ctor(Clio.WebApplication.IApplication)
FNDA:0,System.Void Clio.Command.UploadLicenseCommand::.ctor(Clio.WebApplication.IApplication)
DA:33,0
DA:34,0
DA:35,0
DA:36,0
DA:37,0
LF:16
LH:0
BRF:0
BRH:0
FNF:3
FNH:0
end_of_record
SF:D:\Projects\clio-proj\clio\clio\Command\UploadLicensesOptions.cs
FN:8,System.String Clio.Command.UploadLicensesOptions::get_FilePath()
FNDA:0,System.String Clio.Command.UploadLicensesOptions::get_FilePath()
DA:9,0
LF:1
LH:0
BRF:0
BRH:0
FNF:1
FNH:0
end_of_record
SF:D:\Projects\clio-proj\clio\clio\Command\UpdateCliCommand.cs
FN:16,System.String Clio.Command.UpdateCliCommand.UpdateCliCommand::get_LastVersionUrl()
FNDA:0,System.String Clio.Command.UpdateCliCommand.UpdateCliCommand::get_LastVersionUrl()
DA:17,0
FN:18,System.Void Clio.Command.UpdateCliCommand.UpdateCliCommand::ShowNugetUpdateMessage()
FNDA:0,System.Void Clio.Command.UpdateCliCommand.UpdateCliCommand::ShowNugetUpdateMessage()
DA:19,0
DA:20,0
DA:21,0
FN:22,System.Void Clio.Command.UpdateCliCommand.UpdateCliCommand::CheckUpdate()
FNDA:0,System.Void Clio.Command.UpdateCliCommand.UpdateCliCommand::CheckUpdate()
DA:23,0
DA:24,0
DA:25,0
DA:26,0
DA:27,0
DA:28,0
DA:29,0
DA:30,0
BRDA:26,22,0,0
BRDA:26,22,1,0
FN:31,System.String Clio.Command.UpdateCliCommand.UpdateCliCommand::GetLastReleaseUrl()
FNDA:0,System.String Clio.Command.UpdateCliCommand.UpdateCliCommand::GetLastReleaseUrl()
DA:32,0
DA:34,0
DA:35,0
DA:36,0
DA:37,0
DA:38,0
DA:39,0
DA:40,0
DA:41,0
DA:43,0
DA:44,0
DA:45,0
DA:46,0
DA:47,0
DA:48,0
DA:49,0
DA:50,0
FN:51,System.String Clio.Command.UpdateCliCommand.UpdateCliCommand::GetLatestVersion()
FNDA:0,System.String Clio.Command.UpdateCliCommand.UpdateCliCommand::GetLatestVersion()
DA:52,0
DA:54,0
DA:55,0
DA:56,0
DA:57,0
DA:58,0
DA:59,0
DA:60,0
DA:61,0
DA:63,0
DA:64,0
DA:65,0
DA:66,0
DA:67,0
DA:68,0
DA:69,0
DA:70,0
FN:71,System.String Clio.Command.UpdateCliCommand.UpdateCliCommand::GetCurrentVersion()
FNDA:0,System.String Clio.Command.UpdateCliCommand.UpdateCliCommand::GetCurrentVersion()
DA:72,0
DA:73,0
DA:74,0
DA:75,0
DA:76,0
LF:51
LH:0
BRF:2
BRH:0
FNF:6
FNH:0
end_of_record
SF:D:\Projects\clio-proj\clio\clio\Command\SysSettingsCommand.cs
FN:10,System.String Clio.Command.SysSettingsCommand.SysSettingsOptions::get_Code()
FNDA:0,System.String Clio.Command.SysSettingsCommand.SysSettingsOptions::get_Code()
DA:11,0
FN:13,System.String Clio.Command.SysSettingsCommand.SysSettingsOptions::get_Value()
FNDA:0,System.String Clio.Command.SysSettingsCommand.SysSettingsOptions::get_Value()
DA:14,0
FN:16,System.String Clio.Command.SysSettingsCommand.SysSettingsOptions::get_Type()
FNDA:0,System.String Clio.Command.SysSettingsCommand.SysSettingsOptions::get_Type()
DA:17,0
FN:26,System.String Clio.Command.SysSettingsCommand.SysSettingsCommand::get_InsertSysSettingsUrl()
FNDA:0,System.String Clio.Command.SysSettingsCommand.SysSettingsCommand::get_InsertSysSettingsUrl()
DA:27,0
FN:27,System.String Clio.Command.SysSettingsCommand.SysSettingsCommand::get_PostSysSettingsValuesUrl()
FNDA:0,System.String Clio.Command.SysSettingsCommand.SysSettingsCommand::get_PostSysSettingsValuesUrl()
DA:28,0
FN:29,System.Void Clio.Command.SysSettingsCommand.SysSettingsCommand::CreateSysSetting(Clio.Command.SysSettingsCommand.SysSettingsOptions)
FNDA:0,System.Void Clio.Command.SysSettingsCommand.SysSettingsCommand::CreateSysSetting(Clio.Command.SysSettingsCommand.SysSettingsOptions)
DA:30,0
DA:31,0
DA:32,0
DA:33,0
DA:34,0
DA:35,0
DA:36,0
DA:37,0
DA:38,0
DA:39,0
DA:40,0
FN:41,System.Void Clio.Command.SysSettingsCommand.SysSettingsCommand::UpdateSysSetting(Clio.Command.SysSettingsCommand.SysSettingsOptions,Clio.EnvironmentSettings)
FNDA:0,System.Void Clio.Command.SysSettingsCommand.SysSettingsCommand::UpdateSysSetting(Clio.Command.SysSettingsCommand.SysSettingsOptions,Clio.EnvironmentSettings)
DA:42,0
DA:43,0
DA:44,0
DA:45,0
DA:46,0
DA:48,0
DA:49,0
DA:51,0
DA:52,0
DA:53,0
DA:54,0
DA:55,0
DA:56,0
DA:57,0
DA:58,0
DA:59,0
BRDA:45,26,0,0
BRDA:45,26,1,0
FN:60,System.Int32 Clio.Command.SysSettingsCommand.SysSettingsCommand::Execute(Clio.Command.SysSettingsCommand.SysSettingsOptions)
FNDA:0,System.Int32 Clio.Command.SysSettingsCommand.SysSettingsCommand::Execute(Clio.Command.SysSettingsCommand.SysSettingsOptions)
DA:61,0
DA:62,0
DA:63,0
DA:64,0
DA:65,0
DA:66,0
DA:67,0
DA:69,0
DA:70,0
FN:23,System.Void Clio.Command.SysSettingsCommand.SysSettingsCommand::.ctor(Clio.Common.IApplicationClient,Clio.EnvironmentSettings)
FNDA:0,System.Void Clio.Command.SysSettingsCommand.SysSettingsCommand::.ctor(Clio.Common.IApplicationClient,Clio.EnvironmentSettings)
DA:24,0
DA:25,0
LF:43
LH:0
BRF:2
BRH:0
FNF:9
FNH:0
end_of_record
SF:D:\Projects\clio-proj\clio\clio\Command\SqlScriptCommand.cs
FN:17,System.String Clio.Command.SqlScriptCommand.ExecuteSqlScriptOptions::get_Script()
FNDA:0,System.String Clio.Command.SqlScriptCommand.ExecuteSqlScriptOptions::get_Script()
DA:18,0
FN:21,System.String Clio.Command.SqlScriptCommand.ExecuteSqlScriptOptions::get_File()
FNDA:0,System.String Clio.Command.SqlScriptCommand.ExecuteSqlScriptOptions::get_File()
DA:22,0
FN:24,System.String Clio.Command.SqlScriptCommand.ExecuteSqlScriptOptions::get_ViewType()
FNDA:0,System.String Clio.Command.SqlScriptCommand.ExecuteSqlScriptOptions::get_ViewType()
DA:25,0
FN:27,System.String Clio.Command.SqlScriptCommand.ExecuteSqlScriptOptions::get_DestPath()
FNDA:0,System.String Clio.Command.SqlScriptCommand.ExecuteSqlScriptOptions::get_DestPath()
DA:28,0
FN:32,System.Boolean Clio.Command.SqlScriptCommand.ExecuteSqlScriptOptions::get_IsSilent()
FNDA:0,System.Boolean Clio.Command.SqlScriptCommand.ExecuteSqlScriptOptions::get_IsSilent()
DA:33,0
FN:46,System.String Clio.Command.SqlScriptCommand.SqlScriptCommand::GetSqlScriptResult(System.String,System.String,System.String)
FNDA:0,System.String Clio.Command.SqlScriptCommand.SqlScriptCommand::GetSqlScriptResult(System.String,System.String,System.String)
DA:47,0
DA:48,0
DA:49,0
DA:51,0
DA:52,0
DA:54,0
DA:55,0
DA:56,0
DA:57,0
DA:58,0
DA:59,0
DA:60,0
DA:61,0
DA:62,0
DA:63,0
DA:64,0
DA:65,0
DA:66,0
DA:67,0
DA:68,0
DA:69,0
DA:70,0
DA:71,0
DA:72,0
DA:73,0
BRDA:48,16,0,0
BRDA:48,16,1,0
BRDA:51,43,0,0
BRDA:51,43,1,0
BRDA:58,149,0,0
BRDA:59,160,0,0
BRDA:59,160,1,0
BRDA:58,149,1,0
BRDA:62,195,0,0
BRDA:62,195,1,0
BRDA:64,234,0,0
BRDA:64,234,1,0
BRDA:67,257,0,0
BRDA:67,257,1,0
FN:74,ConsoleTables.ConsoleTable Clio.Command.SqlScriptCommand.SqlScriptCommand::CreateConsoleTable(System.Data.DataTable)
FNDA:0,ConsoleTables.ConsoleTable Clio.Command.SqlScriptCommand.SqlScriptCommand::CreateConsoleTable(System.Data.DataTable)
DA:75,0
DA:76,0
DA:77,0
DA:78,0
DA:79,0
DA:80,0
DA:81,0
DA:82,0
DA:83,0
DA:84,0
BRDA:77,64,1,0
BRDA:77,64,0,0
BRDA:80,143,1,0
BRDA:80,143,0,0
FN:85,System.Void Clio.Command.SqlScriptCommand.SqlScriptCommand::SaveDataTableToCsv(System.Data.DataTable,System.String,System.String)
FNDA:0,System.Void Clio.Command.SqlScriptCommand.SqlScriptCommand::SaveDataTableToCsv(System.Data.DataTable,System.String,System.String)
DA:86,0
DA:87,0
DA:88,0
DA:89,0
DA:90,0
DA:91,0
DA:92,0
DA:93,0
DA:94,0
DA:95,0
DA:96,0
DA:97,0
DA:98,0
DA:99,0
DA:100,0
DA:101,0
DA:102,0
DA:103,0
DA:104,0
DA:105,0
BRDA:88,84,1,0
BRDA:90,51,0,0
BRDA:90,51,1,0
BRDA:88,84,0,0
BRDA:95,222,1,0
BRDA:96,205,1,0
BRDA:98,167,0,0
BRDA:98,167,1,0
BRDA:96,205,0,0
BRDA:95,222,0,0
FN:106,System.Void Clio.Command.SqlScriptCommand.SqlScriptCommand::SaveDataTableToXlsx(System.Data.DataTable,System.String)
FNDA:0,System.Void Clio.Command.SqlScriptCommand.SqlScriptCommand::SaveDataTableToXlsx(System.Data.DataTable,System.String)
DA:107,0
DA:108,0
DA:109,0
DA:110,0
DA:111,0
DA:112,0
DA:113,0
DA:114,0
DA:115,0
DA:116,0
DA:117,0
DA:118,0
DA:119,0
DA:120,0
DA:121,0
DA:122,0
DA:123,0
DA:124,0
DA:125,0
DA:126,0
DA:127,0
DA:128,0
DA:129,0
DA:130,0
DA:131,0
DA:132,0
DA:133,0
DA:134,0
DA:135,0
DA:136,0
DA:137,0
DA:138,0
DA:139,0
DA:140,0
DA:141,0
DA:142,0
BRDA:122,281,1,0
BRDA:122,281,0,0
BRDA:129,462,1,0
BRDA:131,442,1,0
BRDA:131,442,0,0
BRDA:129,462,0,0
FN:143,System.Int32 Clio.Command.SqlScriptCommand.SqlScriptCommand::Execute(Clio.Command.SqlScriptCommand.ExecuteSqlScriptOptions)
FNDA:0,System.Int32 Clio.Command.SqlScriptCommand.SqlScriptCommand::Execute(Clio.Command.SqlScriptCommand.ExecuteSqlScriptOptions)
DA:144,0
DA:145,0
DA:146,0
DA:147,0
DA:148,0
DA:149,0
DA:150,0
DA:151,0
DA:152,0
DA:153,0
DA:154,0
DA:155,0
DA:156,0
DA:157,0
DA:158,0
DA:159,0
DA:160,0
DA:161,0
DA:162,0
DA:163,0
DA:164,0
DA:165,0
DA:166,0
DA:167,0
DA:168,0
DA:169,0
BRDA:147,24,0,0
BRDA:147,24,1,0
BRDA:149,79,0,0
BRDA:149,79,1,0
BRDA:161,235,0,0
BRDA:161,235,1,0
FN:42,System.Void Clio.Command.SqlScriptCommand.SqlScriptCommand::.ctor(Clio.Common.IApplicationClient,Clio.EnvironmentSettings,Clio.Common.ISqlScriptExecutor)
FNDA:0,System.Void Clio.Command.SqlScriptCommand.SqlScriptCommand::.ctor(Clio.Common.IApplicationClient,Clio.EnvironmentSettings,Clio.Common.ISqlScriptExecutor)
DA:43,0
DA:44,0
DA:45,0
LF:125
LH:0
BRF:40
BRH:0
FNF:11
FNH:0
end_of_record
SF:D:\Projects\clio-proj\clio\clio\Command\DeletePackageCommand.cs
FN:11,System.String Clio.Command.PackageCommand.DeletePackageCommand::get_ServicePath()
FNDA:1,System.String Clio.Command.PackageCommand.DeletePackageCommand::get_ServicePath()
DA:12,1
FN:13,System.String Clio.Command.PackageCommand.DeletePackageCommand::GetRequestData(Clio.Command.DeletePkgOptions)
FNDA:1,System.String Clio.Command.PackageCommand.DeletePackageCommand::GetRequestData(Clio.Command.DeletePkgOptions)
DA:14,1
DA:15,1
DA:16,1
FN:8,System.Void Clio.Command.PackageCommand.DeletePackageCommand::.ctor(Clio.Common.IApplicationClient,Clio.EnvironmentSettings)
FNDA:2,System.Void Clio.Command.PackageCommand.DeletePackageCommand::.ctor(Clio.Common.IApplicationClient,Clio.EnvironmentSettings)
DA:9,2
DA:10,1
LF:6
LH:6
BRF:0
BRH:0
FNF:3
FNH:3
end_of_record
SF:D:\Projects\clio-proj\clio\clio\Command\PackageCommand\DeactivatePackageCommand.cs
FN:12,System.String Clio.Command.PackageCommand.DeactivatePkgOptions::get_PackageName()
FNDA:4,System.String Clio.Command.PackageCommand.DeactivatePkgOptions::get_PackageName()
DA:13,4
FN:35,System.Int32 Clio.Command.PackageCommand.DeactivatePackageCommand::Execute(Clio.Command.PackageCommand.DeactivatePkgOptions)
FNDA:2,System.Int32 Clio.Command.PackageCommand.DeactivatePackageCommand::Execute(Clio.Command.PackageCommand.DeactivatePkgOptions)
DA:36,2
DA:37,2
DA:38,2
DA:39,2
DA:40,2
DA:41,1
DA:42,1
DA:44,2
DA:45,1
DA:46,1
DA:48,2
FN:26,System.Void Clio.Command.PackageCommand.DeactivatePackageCommand::.ctor(Clio.Package.IPackageDeactivator,Clio.Common.IApplicationClient,Clio.EnvironmentSettings,Clio.Common.ILogger)
FNDA:4,System.Void Clio.Command.PackageCommand.DeactivatePackageCommand::.ctor(Clio.Package.IPackageDeactivator,Clio.Common.IApplicationClient,Clio.EnvironmentSettings,Clio.Common.ILogger)
DA:27,4
DA:28,2
DA:29,2
DA:30,2
LF:16
LH:16
BRF:0
BRH:0
FNF:3
FNH:3
end_of_record
SF:D:\Projects\clio-proj\clio\clio\Command\PackageCommand\DownloadPackageCommand.cs
FN:9,System.String Clio.Command.PackageCommand.PullPkgOptions::get_Name()
FNDA:17,System.String Clio.Command.PackageCommand.PullPkgOptions::get_Name()
DA:10,17
FN:15,System.String Clio.Command.PackageCommand.PullPkgOptions::get_DestPath()
FNDA:17,System.String Clio.Command.PackageCommand.PullPkgOptions::get_DestPath()
DA:16,17
FN:21,System.Boolean Clio.Command.PackageCommand.PullPkgOptions::get_Unzip()
FNDA:17,System.Boolean Clio.Command.PackageCommand.PullPkgOptions::get_Unzip()
DA:22,17
FN:28,System.Boolean Clio.Command.PackageCommand.PullPkgOptions::get_Async()
FNDA:0,System.Boolean Clio.Command.PackageCommand.PullPkgOptions::get_Async()
DA:29,0
LF:4
LH:3
BRF:0
BRH:0
FNF:4
FNH:3
end_of_record
SF:D:\Projects\clio-proj\clio\clio\Command\PackageCommand\GetPackageVersionCommand.cs
FN:15,System.String Clio.Command.PackageCommand.GetPackageVersionOptions::get_PackagePath()
FNDA:0,System.String Clio.Command.PackageCommand.GetPackageVersionOptions::get_PackagePath()
DA:16,0
FN:44,System.Int32 Clio.Command.PackageCommand.GetPackageVersionCommand::Execute(Clio.Command.PackageCommand.GetPackageVersionOptions)
FNDA:0,System.Int32 Clio.Command.PackageCommand.GetPackageVersionCommand::Execute(Clio.Command.PackageCommand.GetPackageVersionOptions)
DA:45,0
DA:46,0
DA:48,0
DA:49,0
DA:50,0
DA:51,0
DA:52,0
DA:53,0
DA:54,0
DA:56,0
DA:57,0
FN:33,System.Void Clio.Command.PackageCommand.GetPackageVersionCommand::.ctor(Clio.Common.IJsonConverter)
FNDA:0,System.Void Clio.Command.PackageCommand.GetPackageVersionCommand::.ctor(Clio.Common.IJsonConverter)
DA:34,0
DA:35,0
DA:36,0
DA:37,0
DA:38,0
LF:17
LH:0
BRF:0
BRH:0
FNF:3
FNH:0
end_of_record
SF:D:\Projects\clio-proj\clio\clio\Command\PackageCommand\SetPackageVersionCommand.cs
FN:15,System.String Clio.Command.PackageCommand.SetPackageVersionOptions::get_PackagePath()
FNDA:0,System.String Clio.Command.PackageCommand.SetPackageVersionOptions::get_PackagePath()
DA:16,0
FN:18,System.String Clio.Command.PackageCommand.SetPackageVersionOptions::get_PackageVersion()
FNDA:0,System.String Clio.Command.PackageCommand.SetPackageVersionOptions::get_PackageVersion()
DA:19,0
FN:45,System.Int32 Clio.Command.PackageCommand.SetPackageVersionCommand::Execute(Clio.Command.PackageCommand.SetPackageVersionOptions)
FNDA:0,System.Int32 Clio.Command.PackageCommand.SetPackageVersionCommand::Execute(Clio.Command.PackageCommand.SetPackageVersionOptions)
DA:46,0
DA:47,0
DA:48,0
DA:49,0
DA:50,0
DA:51,0
DA:52,0
DA:53,0
DA:54,0
DA:55,0
DA:57,0
DA:58,0
FN:36,System.Void Clio.Command.PackageCommand.SetPackageVersionCommand::.ctor(Clio.Common.IJsonConverter)
FNDA:0,System.Void Clio.Command.PackageCommand.SetPackageVersionCommand::.ctor(Clio.Common.IJsonConverter)
DA:37,0
DA:38,0
DA:39,0
DA:40,0
LF:18
LH:0
BRF:0
BRH:0
FNF:4
FNH:0
end_of_record
SF:D:\Projects\clio-proj\clio\clio\Command\PackageCommand\ValidationPackageCommand.cs
FN:13,System.String Clio.Command.PackageCommand.ValidationPkgOptions::get_Name()
FNDA:0,System.String Clio.Command.PackageCommand.ValidationPkgOptions::get_Name()
DA:14,0
FN:18,System.String Clio.Command.PackageCommand.ValidationPkgOptions::get_DestinationResult()
FNDA:0,System.String Clio.Command.PackageCommand.ValidationPkgOptions::get_DestinationResult()
DA:19,0
FN:24,System.Int32 Clio.Command.PackageCommand.ValidationPackageCommand::Validate(Clio.Command.PackageCommand.ValidationPkgOptions)
FNDA:0,System.Int32 Clio.Command.PackageCommand.ValidationPackageCommand::Validate(Clio.Command.PackageCommand.ValidationPkgOptions)
DA:25,0
DA:27,0
DA:28,0
LF:5
LH:0
BRF:0
BRH:0
FNF:3
FNH:0
end_of_record
SF:D:\Projects\clio-proj\clio\clio\Command\UploadLicensesCommand.cs
FN:13,System.String Clio.Command.PackageCommand.UploadLicensesCommand::get_ServicePath()
FNDA:0,System.String Clio.Command.PackageCommand.UploadLicensesCommand::get_ServicePath()
DA:14,0
FN:15,System.String Clio.Command.PackageCommand.UploadLicensesCommand::GetRequestData(Clio.Command.UploadLicensesOptions)
FNDA:0,System.String Clio.Command.PackageCommand.UploadLicensesCommand::GetRequestData(Clio.Command.UploadLicensesOptions)
DA:16,0
DA:17,0
DA:18,0
DA:19,0
DA:20,0
FN:10,System.Void Clio.Command.PackageCommand.UploadLicensesCommand::.ctor(Clio.Common.IApplicationClient,Clio.EnvironmentSettings)
FNDA:0,System.Void Clio.Command.PackageCommand.UploadLicensesCommand::.ctor(Clio.Common.IApplicationClient,Clio.EnvironmentSettings)
DA:11,0
DA:12,0
LF:8
LH:0
BRF:0
BRH:0
FNF:3
FNH:0
end_of_record